12/02/15 10:57:14 Started
12/02/15 10:57:18 extractor: JDevOJSP: init
12/02/15 10:57:18 extractor: 9.0.4.0.0 Started
12/02/15 10:57:25 extractor: Connection reset by peer: socket write error
12/02/15 10:57:31 extractor: com.evermind.server.http.NotFoundServlet: init
12/02/15 10:57:31 extractor: dispatcher: init
12/02/15 13:46:27 Started
12/02/15 13:46:30 extractor: JDevOJSP: init
12/02/15 13:46:30 extractor: 9.0.4.0.0 Started
12/02/15 13:48:51 extractor: com.evermind.server.http.NotFoundServlet: init
12/02/15 13:48:51 extractor: dispatcher: init
12/02/15 14:45:18 Started
12/02/15 14:45:22 extractor: JDevOJSP: init
12/02/15 14:45:22 extractor: 9.0.4.0.0 Started
12/02/15 14:45:43 extractor: com.evermind.server.http.NotFoundServlet: init
12/02/15 14:45:43 extractor: dispatcher: init
12/02/15 14:48:04 Started
12/02/15 14:48:07 extractor: JDevOJSP: init
12/02/15 14:48:07 extractor: 9.0.4.0.0 Started
12/02/15 14:48:24 extractor: com.evermind.server.http.NotFoundServlet: init
12/02/15 14:48:24 extractor: dispatcher: init
12/02/15 14:53:24 Started
12/02/15 14:53:27 extractor: JDevOJSP: init
12/02/15 14:53:27 extractor: 9.0.4.0.0 Started
12/02/15 14:53:49 extractor: com.evermind.server.http.NotFoundServlet: init
12/02/15 14:53:49 extractor: dispatcher: init
12/02/15 14:55:15 extractor: Software caused connection abort: socket write error
12/02/15 14:55:15 extractor: Connection reset by peer: socket write error
12/02/15 15:31:07 Started
12/02/15 15:31:09 extractor: JDevOJSP: init
12/02/15 15:31:09 extractor: 9.0.4.0.0 Started
12/02/15 15:32:46 extractor: com.evermind.server.http.NotFoundServlet: init
12/02/15 15:32:46 extractor: dispatcher: init
12/02/15 15:34:28 extractor: Software caused connection abort: socket write error
12/02/15 15:34:28 extractor: Software caused connection abort: socket write error
12/02/15 15:36:42 Started
12/02/15 15:36:45 extractor: JDevOJSP: init
12/02/15 15:36:45 extractor: 9.0.4.0.0 Started
12/02/15 15:37:24 extractor: com.evermind.server.http.NotFoundServlet: init
12/02/15 15:37:24 extractor: dispatcher: init
12/02/15 15:41:35 Started
12/02/15 15:41:38 extractor: JDevOJSP: init
12/02/15 15:41:38 extractor: 9.0.4.0.0 Started
12/02/15 15:42:01 extractor: com.evermind.server.http.NotFoundServlet: init
12/02/15 15:42:02 extractor: dispatcher: init
12/02/15 16:11:16 Started
12/02/15 16:11:19 extractor: JDevOJSP: init
12/02/15 16:11:19 extractor: 9.0.4.0.0 Started
12/02/15 16:14:35 extractor: com.evermind.server.http.NotFoundServlet: init
12/02/15 16:14:35 extractor: dispatcher: init
12/02/15 16:19:22 Started
12/02/15 16:19:25 extractor: JDevOJSP: init
12/02/15 16:19:25 extractor: 9.0.4.0.0 Started
12/02/15 16:20:37 extractor: com.evermind.server.http.NotFoundServlet: init
12/02/15 16:20:37 extractor: dispatcher: init
12/02/15 16:41:48 Started
12/02/15 16:41:50 extractor: JDevOJSP: init
12/02/15 16:41:50 extractor: 9.0.4.0.0 Started
12/02/15 16:41:54 extractor: Software caused connection abort: socket write error
12/02/15 16:41:54 extractor: Connection reset by peer: socket write error
12/02/15 16:41:54 extractor: Software caused connection abort: socket write error
12/02/15 16:42:04 extractor: com.evermind.server.http.NotFoundServlet: init
12/02/15 16:42:04 extractor: dispatcher: init
12/02/15 16:47:03 Started
12/02/15 16:47:06 extractor: JDevOJSP: init
12/02/15 16:47:06 extractor: 9.0.4.0.0 Started
12/02/15 16:47:32 extractor: com.evermind.server.http.NotFoundServlet: init
12/02/15 16:47:32 extractor: dispatcher: init
12/02/15 17:07:36 Started
12/02/15 17:07:38 extractor: JDevOJSP: init
12/02/15 17:07:38 extractor: 9.0.4.0.0 Started
12/02/15 17:08:08 extractor: com.evermind.server.http.NotFoundServlet: init
12/02/15 17:08:09 extractor: dispatcher: init
12/02/15 17:08:59 extractor: Connection reset by peer: socket write error
12/02/15 17:08:59 extractor: Connection reset by peer: socket write error
12/02/15 17:27:59 Started
12/02/15 17:28:05 extractor: JDevOJSP: init
12/02/15 17:28:05 extractor: 9.0.4.0.0 Started
12/02/15 17:28:39 extractor: com.evermind.server.http.NotFoundServlet: init
12/02/15 17:28:39 extractor: dispatcher: init
12/02/15 17:51:32 extractor: com.evermind.server.http.NotFoundServlet: destroy
12/02/15 17:51:32 extractor: dispatcher: destroy
12/02/15 17:51:32 extractor: JDevOJSP: init
12/02/15 17:51:32 extractor: dispatcher: init
12/02/15 17:53:03 Started
12/02/15 17:53:06 extractor: JDevOJSP: init
12/02/15 17:53:06 extractor: 9.0.4.0.0 Started
12/02/15 17:53:29 extractor: com.evermind.server.http.NotFoundServlet: init
12/02/15 17:53:29 extractor: dispatcher: init
12/02/15 17:59:26 extractor: Connection reset by peer: socket write error
12/02/15 17:59:28 extractor: Software caused connection abort: socket write error
12/02/15 17:59:28 extractor: Software caused connection abort: socket write error
12/02/15 17:59:28 extractor: Software caused connection abort: socket write error
12/02/15 17:59:28 extractor: Software caused connection abort: socket write error
12/02/15 18:35:49 Started
12/02/15 18:35:52 extractor: JDevOJSP: init
12/02/15 18:35:52 extractor: 9.0.4.0.0 Started
12/02/15 18:36:25 extractor: com.evermind.server.http.NotFoundServlet: init
12/02/15 18:36:25 extractor: dispatcher: init
12/02/15 18:36:29 extractor: Connection reset by peer: socket write error
12/02/15 18:36:29 extractor: Connection reset by peer: socket write error
12/02/15 18:44:32 extractor: Connection reset by peer: socket write error
12/02/15 18:44:32 extractor: Connection reset by peer: socket write error
12/02/15 18:44:32 extractor: Connection reset by peer: socket write error
12/02/15 18:44:32 extractor: Connection reset by peer: socket write error
12/02/15 18:44:32 extractor: Connection reset by peer: socket write error
12/02/15 18:44:32 extractor: Software caused connection abort: socket write error
12/02/16 08:54:16 Started
12/02/16 08:54:46 extractor: JDevOJSP: init
12/02/16 08:54:46 extractor: 9.0.4.0.0 Started
12/02/16 08:57:10 extractor: com.evermind.server.http.NotFoundServlet: init
12/02/16 08:57:10 extractor: dispatcher: init
12/02/16 09:13:23 Started
12/02/16 09:13:50 extractor: JDevOJSP: init
12/02/16 09:13:50 extractor: 9.0.4.0.0 Started
12/02/16 09:13:58 extractor: com.evermind.server.http.NotFoundServlet: init
12/02/16 09:13:58 extractor: dispatcher: init
12/02/16 09:14:48 extractor: Software caused connection abort: socket write error
12/02/16 09:14:48 extractor: Software caused connection abort: socket write error
12/02/16 09:23:42 Started
12/02/16 09:23:46 extractor: JDevOJSP: init
12/02/16 09:23:46 extractor: 9.0.4.0.0 Started
12/02/16 09:23:55 extractor: com.evermind.server.http.NotFoundServlet: init
12/02/16 09:23:56 extractor: dispatcher: init
12/02/16 09:40:03 Started
12/02/16 09:40:06 extractor: JDevOJSP: init
12/02/16 09:40:06 extractor: 9.0.4.0.0 Started
12/02/16 09:40:12 extractor: Connection reset by peer: socket write error
12/02/16 09:40:41 extractor: com.evermind.server.http.NotFoundServlet: init
12/02/16 09:40:41 extractor: dispatcher: init
12/02/16 09:51:50 Started
12/02/16 10:01:21 extractor: JDevOJSP: init
12/02/16 10:01:21 extractor: 9.0.4.0.0 Started
12/02/16 10:01:30 extractor: com.evermind.server.http.NotFoundServlet: init
12/02/16 10:01:30 extractor: dispatcher: init
12/02/16 10:13:18 Started
12/02/16 10:13:50 extractor: JDevOJSP: init
12/02/16 10:13:50 extractor: 9.0.4.0.0 Started
12/02/16 10:14:20 extractor: com.evermind.server.http.NotFoundServlet: init
12/02/16 10:14:20 extractor: dispatcher: init
12/02/16 12:48:20 Started
12/02/16 12:48:23 extractor: JDevOJSP: init
12/02/16 12:48:23 extractor: 9.0.4.0.0 Started
12/02/16 12:48:53 extractor: com.evermind.server.http.NotFoundServlet: init
12/02/16 12:48:53 extractor: dispatcher: init
12/02/16 12:50:28 Started
12/02/16 12:50:49 extractor: JDevOJSP: init
12/02/16 12:50:49 extractor: 9.0.4.0.0 Started
12/02/16 12:51:18 extractor: com.evermind.server.http.NotFoundServlet: init
12/02/16 12:51:18 extractor: dispatcher: init
12/02/16 14:28:56 Started
12/02/16 14:28:58 extractor: JDevOJSP: init
12/02/16 14:28:58 extractor: 9.0.4.0.0 Started
12/02/16 14:29:28 extractor: com.evermind.server.http.NotFoundServlet: init
12/02/16 14:29:28 extractor: dispatcher: init
12/02/16 15:36:21 Started
12/02/16 15:36:37 extractor: JDevOJSP: init
12/02/16 15:36:37 extractor: 9.0.4.0.0 Started
12/02/16 15:37:07 extractor: dispatcher: init
12/02/17 14:55:51 Started
12/02/17 14:55:55 extractor: JDevOJSP: init
12/02/17 14:55:55 extractor: 9.0.4.0.0 Started
12/02/17 14:56:01 extractor: Connection reset by peer: socket write error
12/02/17 14:56:01 extractor: Connection reset by peer: socket write error
12/02/17 14:56:27 extractor: com.evermind.server.http.NotFoundServlet: init
12/02/17 14:56:27 extractor: dispatcher: init
12/02/17 16:30:14 Started
12/02/17 16:30:17 extractor: JDevOJSP: init
12/02/17 16:30:17 extractor: 9.0.4.0.0 Started
12/02/17 16:30:48 extractor: com.evermind.server.http.NotFoundServlet: init
12/02/17 16:30:48 extractor: dispatcher: init
12/02/17 16:44:35 Started
12/02/17 16:44:48 extractor: JDevOJSP: init
12/02/17 16:44:48 extractor: 9.0.4.0.0 Started
12/02/17 16:44:53 extractor: dispatcher: init
12/02/17 16:46:35 extractor: Connection reset by peer: socket write error
12/02/17 16:46:35 extractor: Connection reset by peer: socket write error
12/02/17 16:46:39 extractor: Software caused connection abort: socket write error
12/02/17 16:46:39 extractor: Software caused connection abort: socket write error
12/02/17 16:48:26 Started
12/02/17 16:48:40 extractor: JDevOJSP: init
12/02/17 16:48:40 extractor: 9.0.4.0.0 Started
12/02/17 16:48:42 extractor: com.evermind.server.http.NotFoundServlet: init
12/02/17 16:48:42 extractor: dispatcher: init
12/02/20 11:19:50 Started
12/02/20 11:20:03 extractor: JDevOJSP: init
12/02/20 11:20:03 extractor: 9.0.4.0.0 Started
12/02/20 11:27:22 extractor: com.evermind.server.http.NotFoundServlet: init
12/02/20 11:27:22 extractor: dispatcher: init
12/02/20 13:23:37 Started
12/02/20 13:23:40 extractor: JDevOJSP: init
12/02/20 13:23:40 extractor: 9.0.4.0.0 Started
12/02/20 13:23:40 extractor: Connection reset by peer: socket write error
12/02/20 13:23:58 extractor: com.evermind.server.http.NotFoundServlet: init
12/02/20 13:23:58 extractor: dispatcher: init
12/02/22 09:36:12 Started
12/02/22 09:36:17 extractor: JDevOJSP: init
12/02/22 09:36:17 extractor: 9.0.4.0.0 Started
12/02/22 09:36:48 extractor: com.evermind.server.http.NotFoundServlet: init
12/02/22 09:36:48 extractor: dispatcher: init
12/02/22 11:20:24 Started
12/02/22 11:20:28 extractor: JDevOJSP: init
12/02/22 11:20:28 extractor: 9.0.4.0.0 Started
12/02/22 11:21:01 extractor: com.evermind.server.http.NotFoundServlet: init
12/02/22 11:21:01 extractor: dispatcher: init
12/02/22 17:56:26 Started
12/02/22 17:56:44 extractor: JDevOJSP: init
12/02/22 17:56:44 extractor: 9.0.4.0.0 Started
12/02/22 17:56:49 extractor: com.evermind.server.http.NotFoundServlet: init
12/02/22 17:56:49 extractor: dispatcher: init
12/02/22 17:58:44 Started
12/02/22 17:58:55 extractor: JDevOJSP: init
12/02/22 17:58:55 extractor: 9.0.4.0.0 Started
12/02/22 17:58:58 extractor: com.evermind.server.http.NotFoundServlet: init
12/02/22 17:58:58 extractor: dispatcher: init
12/02/23 16:46:28 Started
12/02/23 16:47:21 extractor: JDevOJSP: init
12/02/23 16:47:21 extractor: 9.0.4.0.0 Started
12/02/23 16:47:24 extractor: com.evermind.server.http.NotFoundServlet: init
12/02/23 16:47:24 extractor: dispatcher: init
12/02/23 16:51:26 Started
12/02/23 16:51:37 extractor: JDevOJSP: init
12/02/23 16:51:37 extractor: 9.0.4.0.0 Started
12/02/23 16:51:40 extractor: com.evermind.server.http.NotFoundServlet: init
12/02/23 16:51:40 extractor: dispatcher: init
12/02/27 15:36:48 Started
12/02/24 21:11:04 Started
12/02/24 21:12:26 extractor: JDevOJSP: init
12/02/24 21:12:26 extractor: 9.0.4.0.0 Started
12/02/24 21:12:29 extractor: com.evermind.server.http.NotFoundServlet: init
12/02/24 21:12:29 extractor: dispatcher: init
12/02/25 13:07:42 Started
12/02/25 13:07:58 extractor: JDevOJSP: init
12/02/25 13:07:58 extractor: 9.0.4.0.0 Started
12/02/25 13:08:01 extractor: com.evermind.server.http.NotFoundServlet: init
12/02/25 13:08:01 extractor: dispatcher: init
12/02/25 13:26:05 Started
12/02/25 13:26:10 extractor: JDevOJSP: init
12/02/25 13:26:10 extractor: 9.0.4.0.0 Started
12/02/25 13:26:13 extractor: com.evermind.server.http.NotFoundServlet: init
12/02/25 13:26:13 extractor: dispatcher: init
12/02/25 13:54:17 Started
12/02/25 13:54:20 extractor: JDevOJSP: init
12/02/25 13:54:20 extractor: 9.0.4.0.0 Started
12/02/25 13:54:20 extractor: Broken pipe
12/02/25 13:54:20 extractor: Broken pipe
12/02/25 13:54:20 extractor: Broken pipe
12/02/25 13:54:20 extractor: Broken pipe
12/02/25 13:54:23 extractor: com.evermind.server.http.NotFoundServlet: init
12/02/25 13:54:23 extractor: dispatcher: init
12/02/25 14:42:11 Started
12/02/25 14:42:24 extractor: JDevOJSP: init
12/02/25 14:42:24 extractor: 9.0.4.0.0 Started
12/02/25 14:42:24 extractor: Broken pipe
12/02/25 14:42:24 extractor: Broken pipe
12/02/25 14:42:28 extractor: com.evermind.server.http.NotFoundServlet: init
12/02/25 14:42:28 extractor: dispatcher: init
12/02/27 10:41:14 Started
12/02/27 10:47:27 extractor: JDevOJSP: init
12/02/27 10:47:27 extractor: 9.0.4.0.0 Started
12/02/27 10:47:31 extractor: com.evermind.server.http.NotFoundServlet: init
12/02/27 10:47:31 extractor: dispatcher: init
12/02/28 15:21:31 Started
12/02/28 15:21:52 extractor: JDevOJSP: init
12/02/28 15:21:52 extractor: 9.0.4.0.0 Started
12/02/28 15:21:57 extractor: com.evermind.server.http.NotFoundServlet: init
12/02/28 15:21:57 extractor: dispatcher: init
12/02/28 15:22:41 Started
12/02/28 15:23:10 extractor: JDevOJSP: init
12/02/28 15:23:10 extractor: 9.0.4.0.0 Started
12/02/28 15:23:10 extractor: com.evermind.server.http.NotFoundServlet: init
12/02/28 15:23:10 extractor: dispatcher: init
12/02/29 11:54:14 Started
12/02/29 11:54:55 extractor: JDevOJSP: init
12/02/29 11:54:55 extractor: 9.0.4.0.0 Started
12/02/29 11:54:59 extractor: com.evermind.server.http.NotFoundServlet: init
12/02/29 11:54:59 extractor: dispatcher: init
12/02/29 12:25:14 extractor: Broken pipe
12/02/29 12:25:14 extractor: Broken pipe
12/02/29 12:25:14 extractor: Broken pipe
12/02/29 12:25:14 extractor: Broken pipe
12/02/29 12:36:23 extractor: Broken pipe
12/02/29 12:36:53 extractor: Broken pipe
12/02/29 12:36:54 extractor: Broken pipe
12/02/29 12:36:54 extractor: Broken pipe
12/02/29 12:36:55 extractor: Broken pipe
12/03/01 10:09:27 Started
12/03/01 10:13:45 extractor: JDevOJSP: init
12/03/01 10:13:45 extractor: 9.0.4.0.0 Started
12/03/01 10:13:48 extractor: com.evermind.server.http.NotFoundServlet: init
12/03/01 10:13:48 extractor: dispatcher: init
12/03/01 13:13:04 extractor: Broken pipe
12/03/01 13:13:20 extractor: Broken pipe
12/03/01 13:13:20 extractor: Broken pipe
12/03/01 15:34:09 Started
12/03/01 15:35:43 extractor: JDevOJSP: init
12/03/01 15:35:43 extractor: 9.0.4.0.0 Started
12/03/01 15:35:46 extractor: com.evermind.server.http.NotFoundServlet: init
12/03/01 15:35:46 extractor: dispatcher: init
12/03/01 16:37:58 Started
12/03/01 16:38:27 extractor: JDevOJSP: init
12/03/01 16:38:27 extractor: 9.0.4.0.0 Started
12/03/01 16:38:30 extractor: com.evermind.server.http.NotFoundServlet: init
12/03/01 16:38:30 extractor: dispatcher: init
12/03/01 16:43:44 Started
12/03/01 16:44:28 extractor: JDevOJSP: init
12/03/01 16:44:28 extractor: 9.0.4.0.0 Started
12/03/01 16:44:28 extractor: com.evermind.server.http.NotFoundServlet: init
12/03/01 16:44:29 extractor: dispatcher: init
12/03/01 16:53:55 Started
12/03/01 16:54:08 extractor: JDevOJSP: init
12/03/01 16:54:08 extractor: 9.0.4.0.0 Started
12/03/01 16:54:10 extractor: com.evermind.server.http.NotFoundServlet: init
12/03/01 16:54:10 extractor: dispatcher: init
12/03/01 17:00:26 Started
12/03/01 17:00:42 extractor: JDevOJSP: init
12/03/01 17:00:42 extractor: 9.0.4.0.0 Started
12/03/01 17:00:45 extractor: com.evermind.server.http.NotFoundServlet: init
12/03/01 17:00:45 extractor: dispatcher: init
12/03/01 17:01:07 extractor: Broken pipe
12/03/01 17:01:07 extractor: Broken pipe
12/03/01 17:01:31 extractor: Broken pipe
12/03/01 17:01:31 extractor: Broken pipe
12/03/01 17:06:13 Started
12/03/01 17:06:37 extractor: JDevOJSP: init
12/03/01 17:06:37 extractor: 9.0.4.0.0 Started
12/03/01 17:06:48 extractor: com.evermind.server.http.NotFoundServlet: init
12/03/01 17:06:48 extractor: dispatcher: init
12/03/01 17:07:25 extractor: Broken pipe
12/03/01 17:07:25 extractor: Broken pipe
12/03/01 17:11:46 extractor: Broken pipe
12/03/01 17:11:46 extractor: Broken pipe
12/03/01 17:13:34 extractor: Broken pipe
12/03/01 17:13:34 extractor: Broken pipe
12/03/01 17:13:49 extractor: Broken pipe
12/03/01 17:13:49 extractor: Broken pipe
12/03/01 17:15:50 extractor: Broken pipe
12/03/01 17:15:50 extractor: Broken pipe
12/03/01 17:18:26 extractor: Broken pipe
12/03/01 17:18:26 extractor: Broken pipe
12/03/01 17:24:50 Started
12/03/01 17:24:59 extractor: JDevOJSP: init
12/03/01 17:24:59 extractor: 9.0.4.0.0 Started
12/03/01 17:24:59 extractor: com.evermind.server.http.NotFoundServlet: init
12/03/01 17:25:00 extractor: dispatcher: init
12/03/01 17:31:32 Started
12/03/01 17:31:41 extractor: JDevOJSP: init
12/03/01 17:31:41 extractor: 9.0.4.0.0 Started
12/03/01 17:31:43 extractor: com.evermind.server.http.NotFoundServlet: init
12/03/01 17:31:43 extractor: dispatcher: init
12/03/01 17:40:15 Started
12/03/01 17:40:33 extractor: JDevOJSP: init
12/03/01 17:40:33 extractor: 9.0.4.0.0 Started
12/03/01 17:40:33 extractor: com.evermind.server.http.NotFoundServlet: init
12/03/01 17:40:33 extractor: dispatcher: init
12/03/01 17:54:42 Started
12/03/01 17:54:54 extractor: JDevOJSP: init
12/03/01 17:54:54 extractor: 9.0.4.0.0 Started
12/03/01 17:54:57 extractor: com.evermind.server.http.NotFoundServlet: init
12/03/01 17:54:57 extractor: dispatcher: init
12/03/01 17:57:29 Started
12/03/01 17:57:42 extractor: JDevOJSP: init
12/03/01 17:57:42 extractor: 9.0.4.0.0 Started
12/03/01 17:57:42 extractor: dispatcher: init
12/03/01 17:59:13 Started
12/03/01 17:59:22 extractor: JDevOJSP: init
12/03/01 17:59:22 extractor: 9.0.4.0.0 Started
12/03/01 17:59:22 extractor: com.evermind.server.http.NotFoundServlet: init
12/03/01 17:59:22 extractor: dispatcher: init
12/03/01 18:00:34 Started
12/03/01 18:00:43 extractor: JDevOJSP: init
12/03/01 18:00:43 extractor: 9.0.4.0.0 Started
12/03/01 18:00:43 extractor: com.evermind.server.http.NotFoundServlet: init
12/03/01 18:00:43 extractor: dispatcher: init
12/03/01 18:02:40 Started
12/03/01 18:02:49 extractor: JDevOJSP: init
12/03/01 18:02:49 extractor: 9.0.4.0.0 Started
12/03/01 18:02:49 extractor: com.evermind.server.http.NotFoundServlet: init
12/03/01 18:02:49 extractor: dispatcher: init
12/03/01 18:05:09 Started
12/03/01 18:05:40 extractor: JDevOJSP: init
12/03/01 18:05:40 extractor: 9.0.4.0.0 Started
12/03/01 18:05:40 extractor: com.evermind.server.http.NotFoundServlet: init
12/03/01 18:05:40 extractor: dispatcher: init
12/03/01 18:09:20 Started
12/03/01 18:09:49 extractor: JDevOJSP: init
12/03/01 18:09:49 extractor: 9.0.4.0.0 Started
12/03/01 18:09:49 extractor: com.evermind.server.http.NotFoundServlet: init
12/03/01 18:09:50 extractor: dispatcher: init
12/03/01 18:11:21 Started
12/03/01 18:11:33 extractor: JDevOJSP: init
12/03/01 18:11:33 extractor: 9.0.4.0.0 Started
12/03/01 18:11:33 extractor: com.evermind.server.http.NotFoundServlet: init
12/03/01 18:11:34 extractor: dispatcher: init
12/03/01 18:13:32 Started
12/03/01 18:13:38 extractor: JDevOJSP: init
12/03/01 18:13:38 extractor: 9.0.4.0.0 Started
12/03/01 18:13:41 extractor: com.evermind.server.http.NotFoundServlet: init
12/03/01 18:13:41 extractor: dispatcher: init
12/03/01 18:15:25 Started
12/03/01 18:15:47 extractor: JDevOJSP: init
12/03/01 18:15:47 extractor: 9.0.4.0.0 Started
12/03/01 18:15:50 extractor: com.evermind.server.http.NotFoundServlet: init
12/03/01 18:15:50 extractor: dispatcher: init
12/03/01 18:17:59 Started
12/03/01 18:18:06 extractor: JDevOJSP: init
12/03/01 18:18:06 extractor: 9.0.4.0.0 Started
12/03/01 18:18:06 extractor: com.evermind.server.http.NotFoundServlet: init
12/03/01 18:18:06 extractor: dispatcher: init
12/03/01 18:21:01 Started
12/03/01 18:21:07 extractor: JDevOJSP: init
12/03/01 18:21:07 extractor: 9.0.4.0.0 Started
12/03/01 18:21:07 extractor: Broken pipe
12/03/01 18:21:07 extractor: Broken pipe
12/03/01 18:21:09 extractor: com.evermind.server.http.NotFoundServlet: init
12/03/01 18:21:09 extractor: dispatcher: init
12/03/01 18:24:44 Started
12/03/01 18:25:10 extractor: JDevOJSP: init
12/03/01 18:25:10 extractor: 9.0.4.0.0 Started
12/03/01 18:25:10 extractor: com.evermind.server.http.NotFoundServlet: init
12/03/01 18:25:11 extractor: dispatcher: init
12/03/01 18:29:12 Started
12/03/01 18:29:41 extractor: JDevOJSP: init
12/03/01 18:29:41 extractor: 9.0.4.0.0 Started
12/03/01 18:29:41 extractor: com.evermind.server.http.NotFoundServlet: init
12/03/01 18:29:41 extractor: dispatcher: init
12/03/01 18:35:36 Started
12/03/01 18:35:50 extractor: JDevOJSP: init
12/03/01 18:35:50 extractor: 9.0.4.0.0 Started
12/03/01 18:35:50 extractor: com.evermind.server.http.NotFoundServlet: init
12/03/01 18:35:50 extractor: dispatcher: init
12/03/01 18:37:21 Started
12/03/01 18:37:42 extractor: JDevOJSP: init
12/03/01 18:37:42 extractor: 9.0.4.0.0 Started
12/03/01 18:37:43 extractor: com.evermind.server.http.NotFoundServlet: init
12/03/01 18:37:43 extractor: dispatcher: init
12/03/01 23:17:51 Started
12/03/05 09:59:26 Started
12/03/05 09:59:57 extractor: JDevOJSP: init
12/03/05 09:59:57 extractor: 9.0.4.0.0 Started
12/03/05 10:00:12 extractor: com.evermind.server.http.NotFoundServlet: init
12/03/05 10:00:12 extractor: dispatcher: init
12/03/05 10:04:06 Started
12/03/05 10:04:34 extractor: JDevOJSP: init
12/03/05 10:04:34 extractor: 9.0.4.0.0 Started
12/03/05 10:04:34 extractor: com.evermind.server.http.NotFoundServlet: init
12/03/05 10:04:34 extractor: dispatcher: init
12/03/05 10:20:51 Started
12/03/05 10:21:25 extractor: JDevOJSP: init
12/03/05 10:21:25 extractor: 9.0.4.0.0 Started
12/03/05 10:21:35 extractor: com.evermind.server.http.NotFoundServlet: init
12/03/05 10:21:35 extractor: dispatcher: init
12/03/05 10:23:11 Started
12/03/05 10:23:22 extractor: JDevOJSP: init
12/03/05 10:23:22 extractor: 9.0.4.0.0 Started
12/03/05 10:23:32 extractor: com.evermind.server.http.NotFoundServlet: init
12/03/05 10:23:32 extractor: dispatcher: init
12/03/05 10:26:27 Started
12/03/05 10:26:41 extractor: JDevOJSP: init
12/03/05 10:26:41 extractor: 9.0.4.0.0 Started
12/03/05 10:26:51 extractor: com.evermind.server.http.NotFoundServlet: init
12/03/05 10:26:51 extractor: dispatcher: init
12/03/05 10:32:46 extractor: Broken pipe
12/03/05 10:32:46 extractor: Broken pipe
12/03/05 10:57:04 Started
12/03/05 10:57:16 extractor: JDevOJSP: init
12/03/05 10:57:16 extractor: 9.0.4.0.0 Started
12/03/05 10:57:17 extractor: Broken pipe
12/03/05 10:57:17 extractor: Broken pipe
12/03/05 10:57:17 extractor: Broken pipe
12/03/05 10:57:17 extractor: Broken pipe
12/03/05 10:57:17 extractor: Broken pipe
12/03/05 10:57:17 extractor: Broken pipe
12/03/05 10:57:17 extractor: Broken pipe
12/03/05 10:57:17 extractor: Broken pipe
12/03/05 10:57:17 extractor: Broken pipe
12/03/05 10:57:17 extractor: Broken pipe
12/03/05 10:57:17 extractor: Broken pipe
12/03/05 10:57:27 extractor: com.evermind.server.http.NotFoundServlet: init
12/03/05 10:57:27 extractor: dispatcher: init
12/03/05 11:24:54 Started
12/03/05 11:25:05 extractor: JDevOJSP: init
12/03/05 11:25:05 extractor: 9.0.4.0.0 Started
12/03/05 11:25:16 extractor: com.evermind.server.http.NotFoundServlet: init
12/03/05 11:25:16 extractor: dispatcher: init
12/03/05 11:29:42 Started
12/03/05 11:29:51 extractor: JDevOJSP: init
12/03/05 11:29:51 extractor: 9.0.4.0.0 Started
12/03/05 11:29:51 extractor: Broken pipe
12/03/05 11:29:52 extractor: Broken pipe
12/03/05 11:30:02 extractor: com.evermind.server.http.NotFoundServlet: init
12/03/05 11:30:02 extractor: dispatcher: init
12/03/05 11:31:03 Started
12/03/05 11:31:09 extractor: JDevOJSP: init
12/03/05 11:31:09 extractor: 9.0.4.0.0 Started
12/03/05 11:31:20 extractor: com.evermind.server.http.NotFoundServlet: init
12/03/05 11:31:20 extractor: dispatcher: init
12/03/05 14:12:41 Started
12/03/05 14:12:57 extractor: JDevOJSP: init
12/03/05 14:12:57 extractor: 9.0.4.0.0 Started
12/03/05 14:13:07 extractor: com.evermind.server.http.NotFoundServlet: init
12/03/05 14:13:07 extractor: dispatcher: init
12/03/05 14:43:58 Started
12/03/05 14:45:29 extractor: JDevOJSP: init
12/03/05 14:45:29 extractor: 9.0.4.0.0 Started
12/03/05 14:52:03 extractor: com.evermind.server.http.NotFoundServlet: init
12/03/05 14:52:03 extractor: dispatcher: init
12/03/05 14:52:13 extractor: Broken pipe
12/03/05 14:52:13 extractor: Broken pipe
12/03/05 14:53:50 extractor: Broken pipe
12/03/05 14:53:50 extractor: Broken pipe
12/03/05 16:23:06 Started
12/03/05 16:24:11 extractor: JDevOJSP: init
12/03/05 16:24:11 extractor: 9.0.4.0.0 Started
12/03/05 16:25:14 extractor: com.evermind.server.http.NotFoundServlet: init
12/03/05 16:25:14 extractor: dispatcher: init
12/03/10 20:12:53 Started
12/03/10 20:14:00 extractor: JDevOJSP: init
12/03/10 20:14:00 extractor: 9.0.4.0.0 Started
12/03/10 20:14:11 extractor: com.evermind.server.http.NotFoundServlet: init
12/03/10 20:14:11 extractor: dispatcher: init
12/03/10 20:16:20 Started
12/03/10 20:16:33 extractor: JDevOJSP: init
12/03/10 20:16:33 extractor: 9.0.4.0.0 Started
12/03/10 20:16:44 extractor: com.evermind.server.http.NotFoundServlet: init
12/03/10 20:16:44 extractor: dispatcher: init
12/03/10 20:20:40 Started
12/03/10 20:20:58 extractor: JDevOJSP: init
12/03/10 20:20:58 extractor: 9.0.4.0.0 Started
12/03/10 20:21:09 extractor: com.evermind.server.http.NotFoundServlet: init
12/03/10 20:21:09 extractor: dispatcher: init
12/03/10 20:23:12 Started
12/03/10 20:23:24 extractor: JDevOJSP: init
12/03/10 20:23:24 extractor: 9.0.4.0.0 Started
12/03/10 20:23:24 extractor: Broken pipe
12/03/10 20:23:26 extractor: Broken pipe
12/03/10 20:23:36 extractor: com.evermind.server.http.NotFoundServlet: init
12/03/10 20:23:36 extractor: dispatcher: init
12/03/12 09:28:00 Started
12/03/12 09:28:34 extractor: JDevOJSP: init
12/03/12 09:28:34 extractor: 9.0.4.0.0 Started
12/03/12 09:28:45 extractor: com.evermind.server.http.NotFoundServlet: init
12/03/12 09:28:45 extractor: dispatcher: init
12/03/12 09:30:12 Started
12/03/12 09:30:27 extractor: JDevOJSP: init
12/03/12 09:30:27 extractor: 9.0.4.0.0 Started
12/03/12 09:30:38 extractor: com.evermind.server.http.NotFoundServlet: init
12/03/12 09:30:38 extractor: dispatcher: init
12/03/12 10:13:00 Started
12/03/12 10:13:22 extractor: JDevOJSP: init
12/03/12 10:13:22 extractor: 9.0.4.0.0 Started
12/03/12 10:13:34 extractor: com.evermind.server.http.NotFoundServlet: init
12/03/12 10:13:34 extractor: dispatcher: init
12/03/12 10:36:45 Started
12/03/12 10:36:52 Started
12/03/12 10:37:20 extractor: JDevOJSP: init
12/03/12 10:37:20 extractor: 9.0.4.0.0 Started
12/03/12 10:37:20 extractor: com.evermind.server.http.NotFoundServlet: init
12/03/12 10:37:20 extractor: dispatcher: init
12/03/12 10:40:40 Started
12/03/12 10:40:57 Started
12/03/12 10:41:37 extractor: JDevOJSP: init
12/03/12 10:41:37 extractor: 9.0.4.0.0 Started
12/03/12 10:41:37 extractor: com.evermind.server.http.NotFoundServlet: init
12/03/12 10:41:37 extractor: dispatcher: init
12/03/12 11:24:24 Started
12/03/12 11:25:02 extractor: JDevOJSP: init
12/03/12 11:25:02 extractor: 9.0.4.0.0 Started
12/03/12 11:25:02 extractor: com.evermind.server.http.NotFoundServlet: init
12/03/12 11:25:02 extractor: dispatcher: init
12/03/12 11:45:51 Started
12/03/12 11:46:44 extractor: JDevOJSP: init
12/03/12 11:46:44 extractor: 9.0.4.0.0 Started
12/03/12 11:46:44 extractor: com.evermind.server.http.NotFoundServlet: init
12/03/12 11:46:44 extractor: dispatcher: init
12/03/12 12:04:57 Started
12/03/12 12:05:03 extractor: JDevOJSP: init
12/03/12 12:05:03 extractor: 9.0.4.0.0 Started
12/03/12 12:05:15 extractor: com.evermind.server.http.NotFoundServlet: init
12/03/12 12:05:15 extractor: dispatcher: init
12/03/12 12:32:07 Started
12/03/12 12:32:21 extractor: JDevOJSP: init
12/03/12 12:32:21 extractor: 9.0.4.0.0 Started
12/03/12 12:32:32 extractor: com.evermind.server.http.NotFoundServlet: init
12/03/12 12:32:32 extractor: dispatcher: init
12/03/12 12:34:02 Started
12/03/12 12:34:09 extractor: JDevOJSP: init
12/03/12 12:34:09 extractor: 9.0.4.0.0 Started
12/03/12 12:34:29 extractor: com.evermind.server.http.NotFoundServlet: init
12/03/12 12:34:29 extractor: dispatcher: init
12/03/12 12:37:13 Started
12/03/12 12:37:38 extractor: JDevOJSP: init
12/03/12 12:37:38 extractor: 9.0.4.0.0 Started
12/03/12 12:37:38 extractor: com.evermind.server.http.NotFoundServlet: init
12/03/12 12:37:38 extractor: dispatcher: init
12/03/12 12:40:12 Started
12/03/12 12:40:19 extractor: JDevOJSP: init
12/03/12 12:40:19 extractor: 9.0.4.0.0 Started
12/03/12 12:40:19 extractor: com.evermind.server.http.NotFoundServlet: init
12/03/12 12:40:19 extractor: dispatcher: init
12/03/12 12:41:59 Started
12/03/12 12:42:13 extractor: JDevOJSP: init
12/03/12 12:42:13 extractor: 9.0.4.0.0 Started
12/03/12 12:42:13 extractor: com.evermind.server.http.NotFoundServlet: init
12/03/12 12:42:13 extractor: dispatcher: init
12/03/12 12:44:35 Started
12/03/12 12:45:28 extractor: JDevOJSP: init
12/03/12 12:45:28 extractor: 9.0.4.0.0 Started
12/03/12 12:45:28 extractor: com.evermind.server.http.NotFoundServlet: init
12/03/12 12:45:28 extractor: dispatcher: init
12/03/12 13:15:46 extractor: com.evermind.server.http.NotFoundServlet: destroy
12/03/12 13:15:46 extractor: dispatcher: destroy
12/03/12 13:15:46 extractor: JDevOJSP: init
12/03/12 13:15:46 extractor: dispatcher: init
12/03/12 13:18:07 Started
12/03/12 13:18:17 extractor: JDevOJSP: init
12/03/12 13:18:17 extractor: 9.0.4.0.0 Started
12/03/12 13:18:29 extractor: com.evermind.server.http.NotFoundServlet: init
12/03/12 13:18:29 extractor: dispatcher: init
12/03/12 13:31:00 Started
12/03/12 13:31:07 extractor: JDevOJSP: init
12/03/12 13:31:07 extractor: 9.0.4.0.0 Started
12/03/12 13:31:19 extractor: com.evermind.server.http.NotFoundServlet: init
12/03/12 13:31:19 extractor: dispatcher: init
12/03/12 13:55:43 Started
12/03/12 13:56:29 extractor: JDevOJSP: init
12/03/12 13:56:29 extractor: 9.0.4.0.0 Started
12/03/12 13:56:41 extractor: com.evermind.server.http.NotFoundServlet: init
12/03/12 13:56:41 extractor: dispatcher: init
12/03/12 14:02:42 extractor: Broken pipe
12/03/12 14:10:28 Started
12/03/12 14:17:30 extractor: JDevOJSP: init
12/03/12 14:17:30 extractor: 9.0.4.0.0 Started
12/03/12 14:17:30 extractor: Broken pipe
12/03/12 14:17:30 extractor: Broken pipe
12/03/12 14:17:41 extractor: com.evermind.server.http.NotFoundServlet: init
12/03/12 14:17:41 extractor: dispatcher: init
12/03/12 14:45:06 Started
12/03/12 14:45:15 extractor: JDevOJSP: init
12/03/12 14:45:15 extractor: 9.0.4.0.0 Started
12/03/12 14:45:29 extractor: com.evermind.server.http.NotFoundServlet: init
12/03/12 14:45:29 extractor: dispatcher: init
12/03/12 14:51:30 extractor: com.evermind.server.http.NotFoundServlet: destroy
12/03/12 14:51:30 extractor: dispatcher: destroy
12/03/12 14:51:30 extractor: JDevOJSP: init
12/03/12 14:51:30 extractor: dispatcher: init
12/03/12 15:57:48 Started
12/03/12 15:58:15 extractor: JDevOJSP: init
12/03/12 15:58:15 extractor: 9.0.4.0.0 Started
12/03/12 15:58:15 extractor: com.evermind.server.http.NotFoundServlet: init
12/03/12 15:58:15 extractor: dispatcher: init
12/03/12 17:08:55 Started
12/03/12 17:09:43 extractor: JDevOJSP: init
12/03/12 17:09:43 extractor: 9.0.4.0.0 Started
12/03/12 17:09:52 extractor: com.evermind.server.http.NotFoundServlet: init
12/03/12 17:09:52 extractor: dispatcher: init
12/03/14 12:14:12 Started
12/03/14 12:14:46 extractor: JDevOJSP: init
12/03/14 12:14:46 extractor: 9.0.4.0.0 Started
12/03/14 12:14:48 extractor: com.evermind.server.http.NotFoundServlet: init
12/03/14 12:14:48 extractor: dispatcher: init
12/03/14 12:22:43 Started
12/03/14 12:28:13 Started
12/03/14 12:28:45 extractor: JDevOJSP: init
12/03/14 12:28:45 extractor: 9.0.4.0.0 Started
12/03/14 12:28:48 extractor: com.evermind.server.http.NotFoundServlet: init
12/03/14 12:28:48 extractor: dispatcher: init
12/03/14 12:30:30 Started
12/03/14 12:31:41 extractor: JDevOJSP: init
12/03/14 12:31:41 extractor: 9.0.4.0.0 Started
12/03/14 12:31:44 extractor: com.evermind.server.http.NotFoundServlet: init
12/03/14 12:31:44 extractor: dispatcher: init
12/03/14 12:34:06 Started
12/03/14 12:34:43 Started
12/03/14 12:36:19 extractor: JDevOJSP: init
12/03/14 12:36:19 extractor: 9.0.4.0.0 Started
12/03/14 12:36:22 extractor: com.evermind.server.http.NotFoundServlet: init
12/03/14 12:36:22 extractor: dispatcher: init
12/03/14 12:36:55 Started
12/03/14 12:38:15 extractor: JDevOJSP: init
12/03/14 12:38:15 extractor: 9.0.4.0.0 Started
12/03/14 12:38:18 extractor: com.evermind.server.http.NotFoundServlet: init
12/03/14 12:38:18 extractor: dispatcher: init
12/03/14 12:42:18 extractor: Broken pipe
12/03/14 12:42:18 extractor: Broken pipe
12/03/14 12:43:21 Started
12/03/14 12:43:35 extractor: JDevOJSP: init
12/03/14 12:43:35 extractor: 9.0.4.0.0 Started
12/03/14 12:43:37 extractor: com.evermind.server.http.NotFoundServlet: init
12/03/14 12:43:37 extractor: dispatcher: init
12/03/14 12:50:35 Started
12/03/14 12:50:50 extractor: JDevOJSP: init
12/03/14 12:50:50 extractor: 9.0.4.0.0 Started
12/03/14 12:50:52 extractor: com.evermind.server.http.NotFoundServlet: init
12/03/14 12:50:52 extractor: dispatcher: init
12/03/14 14:59:28 Started
12/03/14 15:00:48 extractor: JDevOJSP: init
12/03/14 15:00:48 extractor: 9.0.4.0.0 Started
12/03/14 15:00:48 extractor: com.evermind.server.http.NotFoundServlet: init
12/03/14 15:00:49 extractor: dispatcher: init
12/03/14 15:01:40 Started
12/03/14 15:04:01 extractor: JDevOJSP: init
12/03/14 15:04:01 extractor: 9.0.4.0.0 Started
12/03/14 15:04:01 extractor: com.evermind.server.http.NotFoundServlet: init
12/03/14 15:04:01 extractor: dispatcher: init
12/03/14 15:37:56 Started
12/03/14 15:38:44 extractor: JDevOJSP: init
12/03/14 15:38:44 extractor: 9.0.4.0.0 Started
12/03/14 15:38:44 extractor: com.evermind.server.http.NotFoundServlet: init
12/03/14 15:38:44 extractor: dispatcher: init
12/03/14 16:19:20 Started
12/03/14 16:20:26 extractor: JDevOJSP: init
12/03/14 16:20:26 extractor: 9.0.4.0.0 Started
12/03/14 16:20:26 extractor: com.evermind.server.http.NotFoundServlet: init
12/03/14 16:20:26 extractor: dispatcher: init
12/03/14 16:21:47 Started
12/03/14 16:22:08 extractor: JDevOJSP: init
12/03/14 16:22:08 extractor: 9.0.4.0.0 Started
12/03/14 16:22:08 extractor: com.evermind.server.http.NotFoundServlet: init
12/03/14 16:22:09 extractor: dispatcher: init
12/03/14 16:43:08 extractor: Broken pipe
12/03/14 16:43:08 extractor: Broken pipe
12/03/14 16:43:08 extractor: Broken pipe
12/03/14 16:43:08 extractor: Broken pipe
12/03/14 16:45:30 extractor: Broken pipe
12/03/14 16:45:48 extractor: Broken pipe
12/03/14 16:45:48 extractor: Broken pipe
12/03/14 16:47:55 Started
12/03/14 16:48:18 Started
12/03/14 16:49:55 extractor: JDevOJSP: init
12/03/14 16:49:55 extractor: 9.0.4.0.0 Started
12/03/14 16:49:56 extractor: Broken pipe
12/03/14 16:49:56 extractor: Broken pipe
12/03/14 16:49:56 extractor: Broken pipe
12/03/14 16:49:56 extractor: Broken pipe
12/03/14 16:49:58 extractor: com.evermind.server.http.NotFoundServlet: init
12/03/14 16:49:58 extractor: dispatcher: init
12/03/14 16:50:56 extractor: Broken pipe
12/03/14 16:50:56 extractor: Broken pipe
12/03/14 17:13:31 Started
12/03/14 17:14:00 extractor: JDevOJSP: init
12/03/14 17:14:00 extractor: 9.0.4.0.0 Started
12/03/14 17:14:03 extractor: com.evermind.server.http.NotFoundServlet: init
12/03/14 17:14:03 extractor: dispatcher: init
12/03/14 17:14:53 extractor: Broken pipe
12/03/14 17:14:53 extractor: Broken pipe
12/03/14 17:25:03 Started
12/03/14 17:25:17 extractor: JDevOJSP: init
12/03/14 17:25:17 extractor: 9.0.4.0.0 Started
12/03/14 17:25:20 extractor: com.evermind.server.http.NotFoundServlet: init
12/03/14 17:25:20 extractor: dispatcher: init
12/03/14 17:28:35 extractor: Broken pipe
12/03/14 17:28:35 extractor: Broken pipe
12/03/14 17:30:00 Started
12/03/14 17:30:33 extractor: JDevOJSP: init
12/03/14 17:30:33 extractor: 9.0.4.0.0 Started
12/03/14 17:30:35 extractor: com.evermind.server.http.NotFoundServlet: init
12/03/14 17:30:35 extractor: dispatcher: init
12/03/14 17:30:56 Started
12/03/14 17:31:16 extractor: JDevOJSP: init
12/03/14 17:31:16 extractor: 9.0.4.0.0 Started
12/03/14 17:31:18 extractor: com.evermind.server.http.NotFoundServlet: init
12/03/14 17:31:18 extractor: dispatcher: init
12/03/14 17:31:58 extractor: Broken pipe
12/03/14 17:31:58 extractor: Broken pipe
12/03/14 17:35:49 Started
12/03/14 17:36:02 extractor: JDevOJSP: init
12/03/14 17:36:02 extractor: 9.0.4.0.0 Started
12/03/14 17:36:04 extractor: com.evermind.server.http.NotFoundServlet: init
12/03/14 17:36:04 extractor: dispatcher: init
12/03/14 17:37:04 Started
12/03/14 17:37:17 extractor: JDevOJSP: init
12/03/14 17:37:17 extractor: 9.0.4.0.0 Started
12/03/14 17:37:20 extractor: com.evermind.server.http.NotFoundServlet: init
12/03/14 17:37:20 extractor: dispatcher: init
12/03/14 17:38:42 Started
12/03/14 17:39:16 extractor: JDevOJSP: init
12/03/14 17:39:16 extractor: 9.0.4.0.0 Started
12/03/14 17:39:19 extractor: com.evermind.server.http.NotFoundServlet: init
12/03/14 17:39:19 extractor: dispatcher: init
12/03/14 17:41:00 Started
12/03/14 17:41:59 Started
12/03/14 17:42:10 extractor: JDevOJSP: init
12/03/14 17:42:10 extractor: 9.0.4.0.0 Started
12/03/14 17:42:13 extractor: com.evermind.server.http.NotFoundServlet: init
12/03/14 17:42:13 extractor: dispatcher: init
12/03/14 17:43:20 Started
12/03/14 17:43:34 extractor: JDevOJSP: init
12/03/14 17:43:34 extractor: 9.0.4.0.0 Started
12/03/14 17:43:37 extractor: com.evermind.server.http.NotFoundServlet: init
12/03/14 17:43:37 extractor: dispatcher: init
12/03/14 17:46:29 Started
12/03/14 17:46:40 extractor: JDevOJSP: init
12/03/14 17:46:40 extractor: 9.0.4.0.0 Started
12/03/14 17:46:42 extractor: com.evermind.server.http.NotFoundServlet: init
12/03/14 17:46:42 extractor: dispatcher: init
12/03/14 17:49:02 Started
12/03/14 17:49:12 extractor: JDevOJSP: init
12/03/14 17:49:12 extractor: 9.0.4.0.0 Started
12/03/14 17:49:15 extractor: com.evermind.server.http.NotFoundServlet: init
12/03/14 17:49:15 extractor: dispatcher: init
12/03/14 17:50:52 Started
12/03/14 17:51:03 extractor: JDevOJSP: init
12/03/14 17:51:03 extractor: 9.0.4.0.0 Started
12/03/14 17:51:05 extractor: com.evermind.server.http.NotFoundServlet: init
12/03/14 17:51:05 extractor: dispatcher: init
12/03/14 17:51:52 Started
12/03/14 17:52:06 extractor: JDevOJSP: init
12/03/14 17:52:06 extractor: 9.0.4.0.0 Started
12/03/14 17:52:09 extractor: com.evermind.server.http.NotFoundServlet: init
12/03/14 17:52:09 extractor: dispatcher: init
12/03/14 17:52:42 Started
12/03/14 17:52:53 extractor: JDevOJSP: init
12/03/14 17:52:53 extractor: 9.0.4.0.0 Started
12/03/14 17:52:55 extractor: com.evermind.server.http.NotFoundServlet: init
12/03/14 17:52:55 extractor: dispatcher: init
12/03/14 17:55:15 Started
12/03/14 17:55:26 extractor: JDevOJSP: init
12/03/14 17:55:26 extractor: 9.0.4.0.0 Started
12/03/14 17:55:28 extractor: com.evermind.server.http.NotFoundServlet: init
12/03/14 17:55:28 extractor: dispatcher: init
12/03/14 17:58:01 extractor: Broken pipe
12/03/14 17:58:01 extractor: Broken pipe
12/03/14 19:21:32 Started
12/03/14 19:23:53 extractor: JDevOJSP: init
12/03/14 19:23:53 extractor: 9.0.4.0.0 Started
12/03/14 19:23:56 extractor: com.evermind.server.http.NotFoundServlet: init
12/03/14 19:23:56 extractor: dispatcher: init
12/03/14 19:39:59 Started
12/03/14 19:40:05 extractor: JDevOJSP: init
12/03/14 19:40:05 extractor: 9.0.4.0.0 Started
12/03/14 19:40:07 extractor: com.evermind.server.http.NotFoundServlet: init
12/03/14 19:40:07 extractor: dispatcher: init
12/03/14 19:40:20 Started
12/03/14 19:40:25 extractor: JDevOJSP: init
12/03/14 19:40:25 extractor: 9.0.4.0.0 Started
12/03/14 19:40:27 extractor: com.evermind.server.http.NotFoundServlet: init
12/03/14 19:40:27 extractor: dispatcher: init
12/03/14 19:43:43 Started
12/03/14 19:43:55 extractor: JDevOJSP: init
12/03/14 19:43:55 extractor: 9.0.4.0.0 Started
12/03/14 19:46:22 extractor: com.evermind.server.http.NotFoundServlet: init
12/03/14 19:46:22 extractor: dispatcher: init
12/03/14 19:51:17 extractor: com.evermind.server.http.NotFoundServlet: destroy
12/03/14 19:51:17 extractor: dispatcher: destroy
12/03/14 19:51:17 extractor: JDevOJSP: init
12/03/14 19:51:17 extractor: dispatcher: init
12/03/14 19:53:15 Started
12/03/14 19:53:21 extractor: JDevOJSP: init
12/03/14 19:53:21 extractor: 9.0.4.0.0 Started
12/03/14 19:53:25 extractor: com.evermind.server.http.NotFoundServlet: init
12/03/14 19:53:25 extractor: dispatcher: init
12/03/14 19:54:55 Started
12/03/14 19:55:35 extractor: JDevOJSP: init
12/03/14 19:55:35 extractor: 9.0.4.0.0 Started
12/03/14 19:55:40 extractor: com.evermind.server.http.NotFoundServlet: init
12/03/14 19:55:40 extractor: dispatcher: init
12/03/14 20:02:21 Started
12/03/14 20:02:33 extractor: JDevOJSP: init
12/03/14 20:02:33 extractor: 9.0.4.0.0 Started
12/03/14 20:02:38 extractor: com.evermind.server.http.NotFoundServlet: init
12/03/14 20:02:38 extractor: dispatcher: init
12/03/14 20:24:13 Started
12/03/14 20:25:11 extractor: JDevOJSP: init
12/03/14 20:25:11 extractor: 9.0.4.0.0 Started
12/03/14 20:25:16 extractor: com.evermind.server.http.NotFoundServlet: init
12/03/14 20:25:16 extractor: dispatcher: init
12/03/14 20:27:31 Started
12/03/14 20:28:32 extractor: JDevOJSP: init
12/03/14 20:28:32 extractor: 9.0.4.0.0 Started
12/03/14 20:28:37 extractor: com.evermind.server.http.NotFoundServlet: init
12/03/14 20:28:37 extractor: dispatcher: init
12/03/14 20:29:27 Started
12/03/14 20:29:47 extractor: JDevOJSP: init
12/03/14 20:29:47 extractor: 9.0.4.0.0 Started
12/03/14 20:37:05 extractor: com.evermind.server.http.NotFoundServlet: init
12/03/14 20:37:05 extractor: dispatcher: init
12/03/14 20:51:39 Started
12/03/14 20:52:42 extractor: JDevOJSP: init
12/03/14 20:52:42 extractor: 9.0.4.0.0 Started
12/03/14 20:52:46 extractor: com.evermind.server.http.NotFoundServlet: init
12/03/14 20:52:46 extractor: dispatcher: init
12/03/14 20:56:05 Started
12/03/14 20:56:15 extractor: JDevOJSP: init
12/03/14 20:56:15 extractor: 9.0.4.0.0 Started
12/03/14 20:56:20 extractor: com.evermind.server.http.NotFoundServlet: init
12/03/14 20:56:20 extractor: dispatcher: init
12/03/14 20:57:08 extractor: Broken pipe
12/03/14 20:57:08 extractor: Broken pipe
12/03/14 21:04:28 Started
12/03/14 21:04:37 extractor: JDevOJSP: init
12/03/14 21:04:37 extractor: 9.0.4.0.0 Started
12/03/14 21:04:41 extractor: com.evermind.server.http.NotFoundServlet: init
12/03/14 21:04:41 extractor: dispatcher: init
12/03/14 21:06:19 Started
12/03/14 21:06:34 extractor: JDevOJSP: init
12/03/14 21:06:34 extractor: 9.0.4.0.0 Started
12/03/14 21:06:39 extractor: com.evermind.server.http.NotFoundServlet: init
12/03/14 21:06:39 extractor: dispatcher: init
12/03/14 21:08:12 Started
12/03/14 21:08:20 extractor: JDevOJSP: init
12/03/14 21:08:20 extractor: 9.0.4.0.0 Started
12/03/14 21:08:20 extractor: Broken pipe
12/03/14 21:08:20 extractor: Broken pipe
12/03/14 21:08:24 extractor: com.evermind.server.http.NotFoundServlet: init
12/03/14 21:08:24 extractor: dispatcher: init
12/03/15 09:32:35 Started
12/03/15 09:32:55 extractor: JDevOJSP: init
12/03/15 09:32:55 extractor: 9.0.4.0.0 Started
12/03/15 09:35:28 extractor: com.evermind.server.http.NotFoundServlet: init
12/03/15 09:35:28 extractor: dispatcher: init
12/03/15 09:36:23 extractor: Broken pipe
12/03/15 09:36:23 extractor: Broken pipe
12/03/15 10:05:33 Started
12/03/15 10:05:43 extractor: JDevOJSP: init
12/03/15 10:05:43 extractor: 9.0.4.0.0 Started
12/03/15 10:05:55 extractor: com.evermind.server.http.NotFoundServlet: init
12/03/15 10:05:55 extractor: dispatcher: init
12/03/15 10:06:22 Started
12/03/15 10:06:32 extractor: JDevOJSP: init
12/03/15 10:06:32 extractor: 9.0.4.0.0 Started
12/03/15 10:06:32 extractor: com.evermind.server.http.NotFoundServlet: init
12/03/15 10:06:32 extractor: dispatcher: init
12/03/15 10:07:50 Started
12/03/15 10:09:36 extractor: JDevOJSP: init
12/03/15 10:09:36 extractor: 9.0.4.0.0 Started
12/03/15 10:09:39 extractor: com.evermind.server.http.NotFoundServlet: init
12/03/15 10:09:39 extractor: dispatcher: init
12/03/15 10:16:16 Started
12/03/15 10:16:58 Started
12/03/15 10:17:12 Started
12/03/15 10:18:00 Started
12/03/15 10:18:18 extractor: JDevOJSP: init
12/03/15 10:18:18 extractor: 9.0.4.0.0 Started
12/03/15 10:18:21 extractor: com.evermind.server.http.NotFoundServlet: init
12/03/15 10:18:21 extractor: dispatcher: init
12/03/15 11:02:17 Started
12/03/15 11:02:35 extractor: JDevOJSP: init
12/03/15 11:02:35 extractor: 9.0.4.0.0 Started
12/03/15 11:02:39 extractor: com.evermind.server.http.NotFoundServlet: init
12/03/15 11:02:39 extractor: dispatcher: init
12/03/15 11:40:07 Started
12/03/15 11:40:36 extractor: JDevOJSP: init
12/03/15 11:40:36 extractor: 9.0.4.0.0 Started
12/03/15 11:40:41 extractor: com.evermind.server.http.NotFoundServlet: init
12/03/15 11:40:41 extractor: dispatcher: init
12/03/15 11:43:28 Started
12/03/15 11:44:32 extractor: JDevOJSP: init
12/03/15 11:44:32 extractor: 9.0.4.0.0 Started
12/03/15 11:44:33 extractor: Broken pipe
12/03/15 11:44:33 extractor: Broken pipe
12/03/15 11:44:36 extractor: com.evermind.server.http.NotFoundServlet: init
12/03/15 11:44:36 extractor: dispatcher: init
12/03/15 13:15:17 Started
12/03/15 13:15:53 extractor: JDevOJSP: init
12/03/15 13:15:53 extractor: 9.0.4.0.0 Started
12/03/15 13:15:56 extractor: com.evermind.server.http.NotFoundServlet: init
12/03/15 13:15:56 extractor: dispatcher: init
12/03/15 13:28:51 Started
12/03/15 13:29:02 extractor: JDevOJSP: init
12/03/15 13:29:02 extractor: 9.0.4.0.0 Started
12/03/15 13:29:02 extractor: com.evermind.server.http.NotFoundServlet: init
12/03/15 13:29:02 extractor: dispatcher: init
12/03/15 13:37:41 Started
12/03/15 13:37:52 extractor: JDevOJSP: init
12/03/15 13:37:52 extractor: 9.0.4.0.0 Started
12/03/15 13:37:55 extractor: com.evermind.server.http.NotFoundServlet: init
12/03/15 13:37:55 extractor: dispatcher: init
12/03/15 15:23:23 Started
12/03/15 15:24:09 extractor: JDevOJSP: init
12/03/15 15:24:09 extractor: 9.0.4.0.0 Started
12/03/15 15:24:37 extractor: com.evermind.server.http.NotFoundServlet: init
12/03/15 15:24:37 extractor: dispatcher: init
12/03/15 15:28:06 Started
12/03/15 15:28:14 extractor: JDevOJSP: init
12/03/15 15:28:14 extractor: 9.0.4.0.0 Started
12/03/15 15:28:34 extractor: Broken pipe
12/03/15 15:28:35 extractor: Connection reset
12/03/15 15:28:35 extractor: Broken pipe
12/03/15 15:28:49 extractor: dispatcher: init
12/03/15 15:40:21 extractor: Broken pipe
12/03/15 15:40:21 extractor: Connection reset
12/03/15 15:40:21 extractor: Broken pipe
12/03/15 15:40:21 extractor: Broken pipe
12/03/15 15:40:21 extractor: Connection reset
12/03/15 15:40:21 extractor: Broken pipe
12/03/15 15:40:31 extractor: Broken pipe
12/03/15 15:40:31 extractor: Broken pipe
12/03/15 15:40:31 extractor: Broken pipe
12/03/15 15:40:31 extractor: Broken pipe
12/03/15 15:40:32 extractor: Broken pipe
12/03/15 15:42:36 extractor: Broken pipe
12/03/15 15:42:53 extractor: Broken pipe
12/03/15 15:42:53 extractor: Broken pipe
12/03/15 15:56:23 extractor: Connection reset
12/03/15 15:56:23 extractor: Broken pipe
12/03/15 15:58:07 extractor: Broken pipe
12/03/15 15:58:08 extractor: Broken pipe
12/03/15 15:58:08 extractor: Broken pipe
12/03/15 15:58:08 extractor: Broken pipe
12/03/15 15:58:08 extractor: Broken pipe
12/03/15 15:58:08 extractor: Broken pipe
12/03/15 15:58:08 extractor: Broken pipe
12/03/15 15:58:08 extractor: Broken pipe
12/03/15 16:09:48 extractor: Broken pipe
12/03/15 16:10:01 extractor: Broken pipe
12/03/15 16:10:01 extractor: Broken pipe
12/03/15 16:16:18 Started
12/03/15 16:16:50 extractor: JDevOJSP: init
12/03/15 16:16:50 extractor: 9.0.4.0.0 Started
12/03/15 16:16:57 extractor: com.evermind.server.http.NotFoundServlet: init
12/03/15 16:16:57 extractor: dispatcher: init
12/03/15 16:24:18 Started
12/03/15 16:24:31 extractor: JDevOJSP: init
12/03/15 16:24:31 extractor: 9.0.4.0.0 Started
12/03/15 16:24:31 extractor: com.evermind.server.http.NotFoundServlet: init
12/03/15 16:24:31 extractor: dispatcher: init
12/03/15 16:26:21 extractor: Broken pipe
12/03/15 16:28:15 extractor: Broken pipe
12/03/15 16:28:15 extractor: Broken pipe
12/03/15 16:28:16 extractor: Broken pipe
12/03/15 16:28:17 extractor: Broken pipe
12/03/15 16:28:19 extractor: Broken pipe
12/03/15 16:34:36 extractor: Broken pipe
12/03/15 16:34:36 extractor: Broken pipe
12/03/15 16:34:37 extractor: Broken pipe
12/03/15 16:34:37 extractor: Broken pipe
12/03/15 16:34:37 extractor: Broken pipe
12/03/15 16:35:29 extractor: Broken pipe
12/03/15 16:35:29 extractor: Broken pipe
12/03/15 16:37:50 extractor: Broken pipe
12/03/15 16:37:52 extractor: Broken pipe
12/03/15 16:37:53 extractor: Broken pipe
12/03/15 16:37:53 extractor: Broken pipe
12/03/15 16:37:54 extractor: Broken pipe
12/03/15 16:37:54 extractor: Broken pipe
12/03/15 16:39:01 extractor: Broken pipe
12/03/15 16:39:02 extractor: Broken pipe
12/03/15 16:39:02 extractor: Broken pipe
12/03/15 16:39:03 extractor: Broken pipe
12/03/15 16:39:04 extractor: Broken pipe
12/03/15 16:39:04 extractor: Broken pipe
12/03/15 16:39:04 extractor: Broken pipe
12/03/15 16:41:47 extractor: Broken pipe
12/03/15 16:41:47 extractor: Broken pipe
12/03/15 16:41:48 extractor: Broken pipe
12/03/15 16:41:48 extractor: Broken pipe
12/03/15 16:41:49 extractor: Broken pipe
12/03/15 16:42:30 extractor: Broken pipe
12/03/15 16:42:31 extractor: Broken pipe
12/03/15 16:50:45 Started
12/03/15 16:50:52 extractor: JDevOJSP: init
12/03/15 16:50:52 extractor: 9.0.4.0.0 Started
12/03/15 16:50:57 extractor: dispatcher: init
12/03/15 16:52:56 extractor: Broken pipe
12/03/15 16:52:56 extractor: Broken pipe
12/03/15 16:52:56 extractor: Broken pipe
12/03/15 16:52:56 extractor: Broken pipe
12/03/16 16:08:50 Started
12/03/16 16:10:11 extractor: JDevOJSP: init
12/03/16 16:10:11 extractor: 9.0.4.0.0 Started
12/03/16 16:10:14 extractor: com.evermind.server.http.NotFoundServlet: init
12/03/16 16:10:14 extractor: dispatcher: init
