08/03/18 00:29:25.803 10.1.3.0.0 Started
08/03/18 00:29:34.877 CoreWebApp: 10.1.3.0.0 Started
10/12/29 20:38:51.109 10.1.3.5.0 Started
10/12/29 20:38:59.718 CoreWebApp: 10.1.3.5.0 Started
10/12/29 20:39:23.31 CoreWebApp: Servlet error
javax.faces.el.EvaluationException: javax.faces.FacesException: javax.faces.FacesException: No se puede crear una instancia para la clase: 'cl.bicevida.envionominas.view.jsf.mb.BackingMantenedorFeriados'.. class cl.bicevida.envionominas.view.jsf.mb.BackingMantenedorFeriados : java.lang.NullPointerException
	at com.sun.faces.el.ValueBindingImpl.getValue(ValueBindingImpl.java:190)
	at com.sun.faces.el.ValueBindingImpl.getValue(ValueBindingImpl.java:143)
	at com.sun.faces.application.ApplicationImpl.createComponent(ApplicationImpl.java:406)
	at javax.faces.webapp.UIComponentTag.createComponent(UIComponentTag.java:1019)
	at javax.faces.webapp.UIComponentTag.createChild(UIComponentTag.java:1046)
	at javax.faces.webapp.UIComponentTag.findComponent(UIComponentTag.java:761)
	at javax.faces.webapp.UIComponentTag.doStartTag(UIComponentTag.java:451)
	at oracle.adf.view.faces.webapp.UIXComponentTag.doStartTag(UIXComponentTag.java:85)
	at _app._envionominas._mantenedorFeriados_jspx._jspService(_mantenedorFeriados_jspx.java:313)
	at com.orionserver[Oracle Containers for J2EE 10g (10.1.3.5.0) ].http.OrionHttpJspPage.service(OrionHttpJspPage.java:59)
	at oracle.jsp.runtimev2.JspPageTable.service(JspPageTable.java:473)
	at oracle.jsp.runtimev2.JspServlet.internalService(JspServlet.java:594)
	at oracle.jsp.runtimev2.JspServlet.service(JspServlet.java:518)
	at javax.servlet.http.HttpServlet.service(HttpServlet.java:856)
	at com.evermind[Oracle Containers for J2EE 10g (10.1.3.5.0) ].server.http.ServletRequestDispatcher.invoke(ServletRequestDispatcher.java:734)
	at com.evermind[Oracle Containers for J2EE 10g (10.1.3.5.0) ].server.http.ServletRequestDispatcher.forwardInternal(ServletRequestDispatcher.java:391)
	at com.evermind[Oracle Containers for J2EE 10g (10.1.3.5.0) ].server.http.ServletRequestDispatcher.unprivileged_forward(ServletRequestDispatcher.java:308)
	at com.evermind[Oracle Containers for J2EE 10g (10.1.3.5.0) ].server.http.ServletRequestDispatcher.access$100(ServletRequestDispatcher.java:68)
	at com.evermind[Oracle Containers for J2EE 10g (10.1.3.5.0) ].server.http.ServletRequestDispatcher$2.oc4jRun(ServletRequestDispatcher.java:214)
	at oracle.oc4j.security.OC4JSecurity.doPrivileged(OC4JSecurity.java:284)
	at com.evermind[Oracle Containers for J2EE 10g (10.1.3.5.0) ].server.http.ServletRequestDispatcher.forward(ServletRequestDispatcher.java:219)
	at com.sun.faces.context.ExternalContextImpl.dispatch(ExternalContextImpl.java:346)
	at com.sun.faces.application.ViewHandlerImpl.renderView(ViewHandlerImpl.java:152)
	at oracle.adfinternal.view.faces.application.ViewHandlerImpl.renderView(ViewHandlerImpl.java:157)
	at com.sun.faces.lifecycle.RenderResponsePhase.execute(RenderResponsePhase.java:107)
	at com.sun.faces.lifecycle.LifecycleImpl.phase(LifecycleImpl.java:245)
	at com.sun.faces.lifecycle.LifecycleImpl.render(LifecycleImpl.java:137)
	at javax.faces.webapp.FacesServlet.service(FacesServlet.java:214)
	at com.evermind[Oracle Containers for J2EE 10g (10.1.3.5.0) ].server.http.ResourceFilterChain.doFilter(ResourceFilterChain.java:64)
	at oracle.adfinternal.view.faces.webapp.AdfFacesFilterImpl._invokeDoFilter(AdfFacesFilterImpl.java:233)
	at oracle.adfinternal.view.faces.webapp.AdfFacesFilterImpl._doFilterImpl(AdfFacesFilterImpl.java:202)
	at oracle.adfinternal.view.faces.webapp.AdfFacesFilterImpl.doFilter(AdfFacesFilterImpl.java:123)
	at oracle.adf.view.faces.webapp.AdfFacesFilter.doFilter(AdfFacesFilter.java:103)
	at com.evermind[Oracle Containers for J2EE 10g (10.1.3.5.0) ].server.http.ServletRequestDispatcher.invoke(ServletRequestDispatcher.java:644)
	at com.evermind[Oracle Containers for J2EE 10g (10.1.3.5.0) ].server.http.ServletRequestDispatcher.forwardInternal(ServletRequestDispatcher.java:391)
	at com.evermind[Oracle Containers for J2EE 10g (10.1.3.5.0) ].server.http.HttpRequestHandler.doProcessRequest(HttpRequestHandler.java:908)
	at com.evermind[Oracle Containers for J2EE 10g (10.1.3.5.0) ].server.http.HttpRequestHandler.processRequest(HttpRequestHandler.java:458)
	at com.evermind[Oracle Containers for J2EE 10g (10.1.3.5.0) ].server.http.HttpRequestHandler.serveOneRequest(HttpRequestHandler.java:226)
	at com.evermind[Oracle Containers for J2EE 10g (10.1.3.5.0) ].server.http.HttpRequestHandler.run(HttpRequestHandler.java:127)
	at com.evermind[Oracle Containers for J2EE 10g (10.1.3.5.0) ].server.http.HttpRequestHandler.run(HttpRequestHandler.java:116)
	at oracle.oc4j.network.ServerSocketReadHandler$SafeRunnable.run(ServerSocketReadHandler.java:260)
	at oracle.oc4j.network.ServerSocketAcceptHandler.procClientSocket(ServerSocketAcceptHandler.java:234)
	at oracle.oc4j.network.ServerSocketAcceptHandler.access$700(ServerSocketAcceptHandler.java:29)
	at oracle.oc4j.network.ServerSocketAcceptHandler$AcceptHandlerHorse.run(ServerSocketAcceptHandler.java:879)
	at com.evermind[Oracle Containers for J2EE 10g (10.1.3.5.0) ].util.ReleasableResourcePooledExecutor$MyWorker.run(ReleasableResourcePooledExecutor.java:298)
	at java.lang.Thread.run(Thread.java:595)
Caused by: javax.faces.FacesException: javax.faces.FacesException: No se puede crear una instancia para la clase: 'cl.bicevida.envionominas.view.jsf.mb.BackingMantenedorFeriados'.. class cl.bicevida.envionominas.view.jsf.mb.BackingMantenedorFeriados : java.lang.NullPointerException
	at com.sun.faces.application.ApplicationAssociate.createAndMaybeStoreManagedBeans(ApplicationAssociate.java:337)
	at com.sun.faces.el.VariableResolverImpl.resolveVariable(VariableResolverImpl.java:97)
	at oracle.adfinternal.view.faces.el.AdfFacesVariableResolver.resolveVariable(AdfFacesVariableResolver.java:40)
	at oracle.adfinternal.view.faces.model.VariableResolverUtils$JspResolver.resolveVariable(VariableResolverUtils.java:79)
	at com.sun.faces.el.impl.NamedValue.evaluate(NamedValue.java:145)
	at com.sun.faces.el.impl.ComplexValue.evaluate(ComplexValue.java:166)
	at com.sun.faces.el.impl.ExpressionEvaluatorImpl.evaluate(ExpressionEvaluatorImpl.java:263)
	at com.sun.faces.el.ValueBindingImpl.getValue(ValueBindingImpl.java:160)
	... 45 more
Caused by: javax.faces.FacesException: No se puede crear una instancia para la clase: 'cl.bicevida.envionominas.view.jsf.mb.BackingMantenedorFeriados'.. class cl.bicevida.envionominas.view.jsf.mb.BackingMantenedorFeriados : java.lang.NullPointerException
	at com.sun.faces.config.ManagedBeanFactory.newInstance(ManagedBeanFactory.java:229)
	at com.sun.faces.application.ApplicationAssociate.createAndMaybeStoreManagedBeans(ApplicationAssociate.java:325)
	... 52 more
Caused by: java.lang.ClassNotFoundException: class cl.bicevida.envionominas.view.jsf.mb.BackingMantenedorFeriados : java.lang.NullPointerException
	at java.beans.Beans.instantiate(Beans.java:208)
	at java.beans.Beans.instantiate(Beans.java:48)
	at com.sun.faces.config.ManagedBeanFactory.newInstance(ManagedBeanFactory.java:223)
	... 53 more
Caused by: java.lang.NullPointerException
	at cl.bicevida.envionominas.view.helper.EnvioNominasAbstractHelper.getItemsTiposFeriados(EnvioNominasAbstractHelper.java:147)
	at cl.bicevida.envionominas.view.jsf.mb.BackingMantenedorFeriados.cargarPagina(BackingMantenedorFeriados.java:39)
	at cl.bicevida.envionominas.view.jsf.mb.BackingMantenedorFeriados.<init>(BackingMantenedorFeriados.java:32)
	at sun.reflect.NativeConstructorAccessorImpl.newInstance0(Native Method)
	at sun.reflect.NativeConstructorAccessorImpl.newInstance(NativeConstructorAccessorImpl.java:39)
	at sun.reflect.DelegatingConstructorAccessorImpl.newInstance(DelegatingConstructorAccessorImpl.java:27)
	at java.lang.reflect.Constructor.newInstance(Constructor.java:494)
	at java.lang.Class.newInstance0(Class.java:350)
	at java.lang.Class.newInstance(Class.java:303)
	at java.beans.Beans.instantiate(Beans.java:204)
	... 55 more
10/12/29 20:44:21.625 CoreWebApp: 10.1.3.5.0 Stopped
11/01/04 22:39:05.515 10.1.3.5.0 Started
11/01/04 22:39:14.406 CoreWebApp: 10.1.3.5.0 Started
11/01/04 22:41:59.968 CoreWebApp: 10.1.3.5.0 Stopped
11/02/01 17:22:33.750 10.1.3.5.0 Started
11/02/01 17:22:39.453 CoreWebApp: 10.1.3.5.0 Started
11/02/01 17:23:37.281 CoreWebApp: Servlet error
javax.faces.el.EvaluationException: java.lang.NumberFormatException: null
	at com.sun.faces.el.MethodBindingImpl.invoke(MethodBindingImpl.java:150)
	at oracle.adf.view.faces.component.UIXComponentBase.__broadcast(UIXComponentBase.java:1087)
	at oracle.adf.view.faces.component.UIXCommand.broadcast(UIXCommand.java:204)
	at javax.faces.component.UIViewRoot.broadcastEvents(UIViewRoot.java:287)
	at javax.faces.component.UIViewRoot.processApplication(UIViewRoot.java:401)
	at com.sun.faces.lifecycle.InvokeApplicationPhase.execute(InvokeApplicationPhase.java:95)
	at com.sun.faces.lifecycle.LifecycleImpl.phase(LifecycleImpl.java:245)
	at com.sun.faces.lifecycle.LifecycleImpl.execute(LifecycleImpl.java:110)
	at javax.faces.webapp.FacesServlet.service(FacesServlet.java:213)
	at com.evermind[Oracle Containers for J2EE 10g (10.1.3.5.0) ].server.http.ResourceFilterChain.doFilter(ResourceFilterChain.java:64)
	at oracle.adfinternal.view.faces.webapp.AdfFacesFilterImpl._invokeDoFilter(AdfFacesFilterImpl.java:233)
	at oracle.adfinternal.view.faces.webapp.AdfFacesFilterImpl._doFilterImpl(AdfFacesFilterImpl.java:202)
	at oracle.adfinternal.view.faces.webapp.AdfFacesFilterImpl.doFilter(AdfFacesFilterImpl.java:123)
	at oracle.adf.view.faces.webapp.AdfFacesFilter.doFilter(AdfFacesFilter.java:103)
	at com.evermind[Oracle Containers for J2EE 10g (10.1.3.5.0) ].server.http.ServletRequestDispatcher.invoke(ServletRequestDispatcher.java:644)
	at com.evermind[Oracle Containers for J2EE 10g (10.1.3.5.0) ].server.http.ServletRequestDispatcher.forwardInternal(ServletRequestDispatcher.java:391)
	at com.evermind[Oracle Containers for J2EE 10g (10.1.3.5.0) ].server.http.HttpRequestHandler.doProcessRequest(HttpRequestHandler.java:908)
	at com.evermind[Oracle Containers for J2EE 10g (10.1.3.5.0) ].server.http.HttpRequestHandler.processRequest(HttpRequestHandler.java:458)
	at com.evermind[Oracle Containers for J2EE 10g (10.1.3.5.0) ].server.http.HttpRequestHandler.serveOneRequest(HttpRequestHandler.java:226)
	at com.evermind[Oracle Containers for J2EE 10g (10.1.3.5.0) ].server.http.HttpRequestHandler.run(HttpRequestHandler.java:127)
	at com.evermind[Oracle Containers for J2EE 10g (10.1.3.5.0) ].server.http.HttpRequestHandler.run(HttpRequestHandler.java:116)
	at oracle.oc4j.network.ServerSocketReadHandler$SafeRunnable.run(ServerSocketReadHandler.java:260)
	at oracle.oc4j.network.ServerSocketAcceptHandler.procClientSocket(ServerSocketAcceptHandler.java:234)
	at oracle.oc4j.network.ServerSocketAcceptHandler.access$700(ServerSocketAcceptHandler.java:29)
	at oracle.oc4j.network.ServerSocketAcceptHandler$AcceptHandlerHorse.run(ServerSocketAcceptHandler.java:879)
	at com.evermind[Oracle Containers for J2EE 10g (10.1.3.5.0) ].util.ReleasableResourcePooledExecutor$MyWorker.run(ReleasableResourcePooledExecutor.java:303)
	at java.lang.Thread.run(Thread.java:595)
Caused by: java.lang.NumberFormatException: null
	at java.lang.Long.parseLong(Long.java:372)
	at java.lang.Long.valueOf(Long.java:518)
	at cl.bicevida.envionominas.view.jsf.mb.BackingRegistrarFolio.ejecutarGuardarFolio(BackingRegistrarFolio.java:172)
	at sun.reflect.NativeMethodAccessorImpl.invoke0(Native Method)
	at sun.reflect.NativeMethodAccessorImpl.invoke(NativeMethodAccessorImpl.java:39)
	at sun.reflect.DelegatingMethodAccessorImpl.invoke(DelegatingMethodAccessorImpl.java:25)
	at java.lang.reflect.Method.invoke(Method.java:585)
	at com.sun.faces.el.MethodBindingImpl.invoke(MethodBindingImpl.java:146)
	... 26 more
11/02/01 17:26:57.781 CoreWebApp: 10.1.3.5.0 Stopped
11/11/09 20:20:06.109 10.1.3.5.0 Started
11/11/09 20:20:30.656 EnvioNominasWEB: 10.1.3.5.0 Started
11/11/09 20:20:35.93 EnvioNominasWEB: Servlet error
javax.faces.el.EvaluationException: javax.faces.FacesException: javax.faces.FacesException: No se puede crear una instancia para la clase: 'cl.bicevida.envionominas.view.jsf.mb.BackingConsultaGastosNomina'.. class cl.bicevida.envionominas.view.jsf.mb.BackingConsultaGastosNomina : java.lang.IllegalStateException: Response has already been committed, be sure not to write to the OutputStream or to trigger a commit due to any other action before calling this method.
	at com.sun.faces.el.ValueBindingImpl.isReadOnly(ValueBindingImpl.java:293)
	at oracle.adfinternal.view.faces.renderkit.core.xhtml.EditableValueRenderer.getReadOnly(EditableValueRenderer.java:211)
	at oracle.adfinternal.view.faces.renderkit.core.xhtml.FormElementRenderer.renderAsElement(FormElementRenderer.java:155)
	at oracle.adfinternal.view.faces.renderkit.core.xhtml.InputLabelAndMessageRenderer.getLabelFor(InputLabelAndMessageRenderer.java:53)
	at oracle.adfinternal.view.faces.renderkit.core.xhtml.LabelAndMessageRenderer$Label.getForId(LabelAndMessageRenderer.java:500)
	at oracle.adfinternal.view.faces.renderkit.core.xhtml.OutputLabelRenderer.encodeAll(OutputLabelRenderer.java:69)
	at oracle.adfinternal.view.faces.renderkit.core.CoreRenderer.delegateRenderer(CoreRenderer.java:281)
	at oracle.adfinternal.view.faces.renderkit.core.xhtml.LabelAndMessageRenderer._renderLabelCell(LabelAndMessageRenderer.java:222)
	at oracle.adfinternal.view.faces.renderkit.core.xhtml.LabelAndMessageRenderer.encodeAll(LabelAndMessageRenderer.java:159)
	at oracle.adfinternal.view.faces.renderkit.core.xhtml.InputLabelAndMessageRenderer.encodeAll(InputLabelAndMessageRenderer.java:94)
	at oracle.adfinternal.view.faces.renderkit.core.CoreRenderer.encodeEnd(CoreRenderer.java:169)
	at oracle.adf.view.faces.component.UIXComponentBase.encodeEnd(UIXComponentBase.java:624)
	at oracle.adfinternal.view.faces.renderkit.core.CoreRenderer.encodeChild(CoreRenderer.java:246)
	at oracle.adfinternal.view.faces.renderkit.core.xhtml.PanelFormRenderer.encodeColumnChild(PanelFormRenderer.java:275)
	at oracle.adfinternal.view.faces.renderkit.core.xhtml.PanelFormRenderer.renderColumn(PanelFormRenderer.java:251)
	at oracle.adfinternal.view.faces.renderkit.core.xhtml.PanelFormRenderer._renderColumns(PanelFormRenderer.java:545)
	at oracle.adfinternal.view.faces.renderkit.core.xhtml.PanelFormRenderer._encodeChildren(PanelFormRenderer.java:153)
	at oracle.adfinternal.view.faces.renderkit.core.xhtml.PanelFormRenderer.encodeAll(PanelFormRenderer.java:69)
	at oracle.adfinternal.view.faces.renderkit.core.CoreRenderer.encodeEnd(CoreRenderer.java:169)
	at oracle.adf.view.faces.component.UIXComponentBase.encodeEnd(UIXComponentBase.java:624)
	at oracle.adfinternal.view.faces.uinode.UIComponentUINode._renderComponent(UIComponentUINode.java:317)
	at oracle.adfinternal.view.faces.uinode.UIComponentUINode.render(UIComponentUINode.java:262)
	at oracle.adfinternal.view.faces.uinode.UIComponentUINode.render(UIComponentUINode.java:239)
	at oracle.adfinternal.view.faces.ui.BaseRenderer.renderChild(BaseRenderer.java:412)
	at oracle.adfinternal.view.faces.ui.BaseRenderer.renderIndexedChild(BaseRenderer.java:330)
	at oracle.adfinternal.view.faces.ui.BaseRenderer.renderIndexedChild(BaseRenderer.java:222)
	at oracle.adfinternal.view.faces.ui.BaseRenderer.renderContent(BaseRenderer.java:129)
	at oracle.adfinternal.view.faces.ui.BaseRenderer.render(BaseRenderer.java:81)
	at oracle.adfinternal.view.faces.ui.laf.base.xhtml.XhtmlLafRenderer.render(XhtmlLafRenderer.java:69)
	at oracle.adfinternal.view.faces.uinode.UIXComponentUINode.renderInternal(UIXComponentUINode.java:177)
	at oracle.adfinternal.view.faces.uinode.UINodeRendererBase.encodeEnd(UINodeRendererBase.java:53)
	at oracle.adf.view.faces.component.UIXComponentBase.encodeEnd(UIXComponentBase.java:624)
	at oracle.adfinternal.view.faces.uinode.UIComponentUINode._renderComponent(UIComponentUINode.java:317)
	at oracle.adfinternal.view.faces.uinode.UIComponentUINode.render(UIComponentUINode.java:262)
	at oracle.adfinternal.view.faces.uinode.UIComponentUINode.render(UIComponentUINode.java:239)
	at oracle.adfinternal.view.faces.ui.BaseRenderer.renderChild(BaseRenderer.java:412)
	at oracle.adfinternal.view.faces.ui.laf.base.xhtml.RowLayoutRenderer.renderChild(RowLayoutRenderer.java:95)
	at oracle.adfinternal.view.faces.ui.BaseRenderer.renderIndexedChild(BaseRenderer.java:330)
	at oracle.adfinternal.view.faces.ui.BaseRenderer.renderIndexedChild(BaseRenderer.java:222)
	at oracle.adfinternal.view.faces.ui.BaseRenderer.renderContent(BaseRenderer.java:129)
	at oracle.adfinternal.view.faces.ui.BaseRenderer.render(BaseRenderer.java:81)
	at oracle.adfinternal.view.faces.ui.laf.base.xhtml.XhtmlLafRenderer.render(XhtmlLafRenderer.java:69)
	at oracle.adfinternal.view.faces.uinode.UIXComponentUINode.renderInternal(UIXComponentUINode.java:177)
	at oracle.adfinternal.view.faces.uinode.UINodeRendererBase.encodeEnd(UINodeRendererBase.java:53)
	at oracle.adf.view.faces.component.UIXComponentBase.encodeEnd(UIXComponentBase.java:624)
	at oracle.adfinternal.view.faces.uinode.UIComponentUINode._renderComponent(UIComponentUINode.java:317)
	at oracle.adfinternal.view.faces.uinode.UIComponentUINode.render(UIComponentUINode.java:262)
	at oracle.adfinternal.view.faces.uinode.UIComponentUINode.render(UIComponentUINode.java:239)
	at oracle.adfinternal.view.faces.ui.BaseRenderer.renderChild(BaseRenderer.java:412)
	at oracle.adfinternal.view.faces.ui.BaseRenderer.renderIndexedChild(BaseRenderer.java:330)
	at oracle.adfinternal.view.faces.ui.BaseRenderer.renderIndexedChild(BaseRenderer.java:222)
	at oracle.adfinternal.view.faces.ui.BaseRenderer.renderContent(BaseRenderer.java:129)
	at oracle.adfinternal.view.faces.ui.BaseRenderer.render(BaseRenderer.java:81)
	at oracle.adfinternal.view.faces.ui.laf.base.xhtml.XhtmlLafRenderer.render(XhtmlLafRenderer.java:69)
	at oracle.adfinternal.view.faces.uinode.UIXComponentUINode.renderInternal(UIXComponentUINode.java:177)
	at oracle.adfinternal.view.faces.uinode.UINodeRendererBase.encodeEnd(UINodeRendererBase.java:53)
	at oracle.adf.view.faces.component.UIXComponentBase.encodeEnd(UIXComponentBase.java:624)
	at oracle.adfinternal.view.faces.uinode.UIComponentUINode._renderComponent(UIComponentUINode.java:317)
	at oracle.adfinternal.view.faces.uinode.UIComponentUINode.render(UIComponentUINode.java:262)
	at oracle.adfinternal.view.faces.uinode.UIComponentUINode.render(UIComponentUINode.java:239)
	at oracle.adfinternal.view.faces.ui.BaseRenderer.renderChild(BaseRenderer.java:412)
	at oracle.adfinternal.view.faces.ui.BaseRenderer.renderIndexedChild(BaseRenderer.java:330)
	at oracle.adfinternal.view.faces.ui.BaseRenderer.renderIndexedChild(BaseRenderer.java:222)
	at oracle.adfinternal.view.faces.ui.BaseRenderer.renderContent(BaseRenderer.java:129)
	at oracle.adfinternal.view.faces.ui.laf.base.desktop.ContentContainerRenderer.renderChildContent(ContentContainerRenderer.java:149)
	at oracle.adfinternal.view.faces.ui.laf.simple.desktop.ContentContainerRenderer._renderContentsRow(ContentContainerRenderer.java:342)
	at oracle.adfinternal.view.faces.ui.laf.simple.desktop.ContentContainerRenderer._renderContents(ContentContainerRenderer.java:304)
	at oracle.adfinternal.view.faces.ui.laf.simple.desktop.ContentContainerRenderer.renderContent(ContentContainerRenderer.java:65)
	at oracle.adfinternal.view.faces.ui.BaseRenderer.render(BaseRenderer.java:81)
	at oracle.adfinternal.view.faces.ui.laf.base.xhtml.XhtmlLafRenderer.render(XhtmlLafRenderer.java:69)
	at oracle.adfinternal.view.faces.uinode.UIXComponentUINode.renderInternal(UIXComponentUINode.java:177)
	at oracle.adfinternal.view.faces.uinode.UINodeRendererBase.encodeEnd(UINodeRendererBase.java:53)
	at oracle.adf.view.faces.component.UIXComponentBase.encodeEnd(UIXComponentBase.java:624)
	at oracle.adfinternal.view.faces.renderkit.RenderUtils.encodeRecursive(RenderUtils.java:54)
	at oracle.adfinternal.view.faces.renderkit.core.CoreRenderer.encodeChild(CoreRenderer.java:242)
	at oracle.adfinternal.view.faces.renderkit.core.CoreRenderer.encodeAllChildren(CoreRenderer.java:265)
	at oracle.adfinternal.view.faces.renderkit.core.xhtml.PanelPartialRootRenderer.renderContent(PanelPartialRootRenderer.java:65)
	at oracle.adfinternal.view.faces.renderkit.core.xhtml.BodyRenderer.renderContent(BodyRenderer.java:120)
	at oracle.adfinternal.view.faces.renderkit.core.xhtml.PanelPartialRootRenderer.encodeAll(PanelPartialRootRenderer.java:147)
	at oracle.adfinternal.view.faces.renderkit.core.xhtml.BodyRenderer.encodeAll(BodyRenderer.java:62)
	at oracle.adfinternal.view.faces.renderkit.core.CoreRenderer.encodeEnd(CoreRenderer.java:169)
	at oracle.adf.view.faces.component.UIXComponentBase.encodeEnd(UIXComponentBase.java:624)
	at javax.faces.webapp.UIComponentTag.encodeEnd(UIComponentTag.java:645)
	at javax.faces.webapp.UIComponentTag.doEndTag(UIComponentTag.java:568)
	at oracle.adf.view.faces.webapp.UIXComponentTag.doEndTag(UIXComponentTag.java:100)
	at _app._envionominas._consultaGastosNomina_jspx._jspService(_consultaGastosNomina_jspx.java:959)
	at com.orionserver[Oracle Containers for J2EE 10g (10.1.3.5.0) ].http.OrionHttpJspPage.service(OrionHttpJspPage.java:59)
	at oracle.jsp.runtimev2.JspPageTable.service(JspPageTable.java:473)
	at oracle.jsp.runtimev2.JspServlet.internalService(JspServlet.java:594)
	at oracle.jsp.runtimev2.JspServlet.service(JspServlet.java:518)
	at javax.servlet.http.HttpServlet.service(HttpServlet.java:856)
	at com.evermind[Oracle Containers for J2EE 10g (10.1.3.5.0) ].server.http.ServletRequestDispatcher.invoke(ServletRequestDispatcher.java:734)
	at com.evermind[Oracle Containers for J2EE 10g (10.1.3.5.0) ].server.http.ServletRequestDispatcher.forwardInternal(ServletRequestDispatcher.java:391)
	at com.evermind[Oracle Containers for J2EE 10g (10.1.3.5.0) ].server.http.ServletRequestDispatcher.unprivileged_forward(ServletRequestDispatcher.java:308)
	at com.evermind[Oracle Containers for J2EE 10g (10.1.3.5.0) ].server.http.ServletRequestDispatcher.access$100(ServletRequestDispatcher.java:68)
	at com.evermind[Oracle Containers for J2EE 10g (10.1.3.5.0) ].server.http.ServletRequestDispatcher$2.oc4jRun(ServletRequestDispatcher.java:214)
	at oracle.oc4j.security.OC4JSecurity.doPrivileged(OC4JSecurity.java:284)
	at com.evermind[Oracle Containers for J2EE 10g (10.1.3.5.0) ].server.http.ServletRequestDispatcher.forward(ServletRequestDispatcher.java:219)
	at com.sun.faces.context.ExternalContextImpl.dispatch(ExternalContextImpl.java:346)
	at com.sun.faces.application.ViewHandlerImpl.renderView(ViewHandlerImpl.java:152)
	at oracle.adfinternal.view.faces.application.ViewHandlerImpl.renderView(ViewHandlerImpl.java:157)
	at com.sun.faces.lifecycle.RenderResponsePhase.execute(RenderResponsePhase.java:107)
	at com.sun.faces.lifecycle.LifecycleImpl.phase(LifecycleImpl.java:245)
	at com.sun.faces.lifecycle.LifecycleImpl.render(LifecycleImpl.java:137)
	at javax.faces.webapp.FacesServlet.service(FacesServlet.java:214)
	at com.evermind[Oracle Containers for J2EE 10g (10.1.3.5.0) ].server.http.ResourceFilterChain.doFilter(ResourceFilterChain.java:64)
	at oracle.adfinternal.view.faces.webapp.AdfFacesFilterImpl._invokeDoFilter(AdfFacesFilterImpl.java:233)
	at oracle.adfinternal.view.faces.webapp.AdfFacesFilterImpl._doFilterImpl(AdfFacesFilterImpl.java:202)
	at oracle.adfinternal.view.faces.webapp.AdfFacesFilterImpl.doFilter(AdfFacesFilterImpl.java:123)
	at oracle.adf.view.faces.webapp.AdfFacesFilter.doFilter(AdfFacesFilter.java:103)
	at com.evermind[Oracle Containers for J2EE 10g (10.1.3.5.0) ].server.http.EvermindFilterChain.doFilter(EvermindFilterChain.java:15)
	at oracle.adf.model.servlet.ADFBindingFilter.doFilter(ADFBindingFilter.java:162)
	at com.evermind[Oracle Containers for J2EE 10g (10.1.3.5.0) ].server.http.ServletRequestDispatcher.invoke(ServletRequestDispatcher.java:642)
	at com.evermind[Oracle Containers for J2EE 10g (10.1.3.5.0) ].server.http.ServletRequestDispatcher.forwardInternal(ServletRequestDispatcher.java:391)
	at com.evermind[Oracle Containers for J2EE 10g (10.1.3.5.0) ].server.http.HttpRequestHandler.doProcessRequest(HttpRequestHandler.java:908)
	at com.evermind[Oracle Containers for J2EE 10g (10.1.3.5.0) ].server.http.HttpRequestHandler.processRequest(HttpRequestHandler.java:458)
	at com.evermind[Oracle Containers for J2EE 10g (10.1.3.5.0) ].server.http.HttpRequestHandler.serveOneRequest(HttpRequestHandler.java:226)
	at com.evermind[Oracle Containers for J2EE 10g (10.1.3.5.0) ].server.http.HttpRequestHandler.run(HttpRequestHandler.java:127)
	at com.evermind[Oracle Containers for J2EE 10g (10.1.3.5.0) ].server.http.HttpRequestHandler.run(HttpRequestHandler.java:116)
	at oracle.oc4j.network.ServerSocketReadHandler$SafeRunnable.run(ServerSocketReadHandler.java:260)
	at oracle.oc4j.network.ServerSocketAcceptHandler.procClientSocket(ServerSocketAcceptHandler.java:234)
	at oracle.oc4j.network.ServerSocketAcceptHandler.access$700(ServerSocketAcceptHandler.java:29)
	at oracle.oc4j.network.ServerSocketAcceptHandler$AcceptHandlerHorse.run(ServerSocketAcceptHandler.java:879)
	at com.evermind[Oracle Containers for J2EE 10g (10.1.3.5.0) ].util.ReleasableResourcePooledExecutor$MyWorker.run(ReleasableResourcePooledExecutor.java:298)
	at java.lang.Thread.run(Thread.java:595)
Caused by: javax.faces.FacesException: javax.faces.FacesException: No se puede crear una instancia para la clase: 'cl.bicevida.envionominas.view.jsf.mb.BackingConsultaGastosNomina'.. class cl.bicevida.envionominas.view.jsf.mb.BackingConsultaGastosNomina : java.lang.IllegalStateException: Response has already been committed, be sure not to write to the OutputStream or to trigger a commit due to any other action before calling this method.
	at com.sun.faces.application.ApplicationAssociate.createAndMaybeStoreManagedBeans(ApplicationAssociate.java:318)
	at com.sun.faces.el.VariableResolverImpl.resolveVariable(VariableResolverImpl.java:97)
	at oracle.adfinternal.view.faces.el.AdfFacesVariableResolver.resolveVariable(AdfFacesVariableResolver.java:40)
	at oracle.adfinternal.view.faces.model.VariableResolverUtils$JspResolver.resolveVariable(VariableResolverUtils.java:79)
	at com.sun.faces.el.impl.NamedValue.evaluate(NamedValue.java:145)
	at com.sun.faces.el.impl.ComplexValue.isReadOnly(ComplexValue.java:198)
	at com.sun.faces.el.ValueBindingImpl.isReadOnly(ValueBindingImpl.java:266)
	... 124 more
Caused by: javax.faces.FacesException: No se puede crear una instancia para la clase: 'cl.bicevida.envionominas.view.jsf.mb.BackingConsultaGastosNomina'.. class cl.bicevida.envionominas.view.jsf.mb.BackingConsultaGastosNomina : java.lang.IllegalStateException: Response has already been committed, be sure not to write to the OutputStream or to trigger a commit due to any other action before calling this method.
	at com.sun.faces.config.ManagedBeanFactory.newInstance(ManagedBeanFactory.java:229)
	at com.sun.faces.application.ApplicationAssociate.createAndMaybeStoreManagedBeans(ApplicationAssociate.java:303)
	... 130 more
Caused by: java.lang.ClassNotFoundException: class cl.bicevida.envionominas.view.jsf.mb.BackingConsultaGastosNomina : java.lang.IllegalStateException: Response has already been committed, be sure not to write to the OutputStream or to trigger a commit due to any other action before calling this method.
	at java.beans.Beans.instantiate(Beans.java:208)
	at java.beans.Beans.instantiate(Beans.java:48)
	at com.sun.faces.config.ManagedBeanFactory.newInstance(ManagedBeanFactory.java:223)
	... 131 more
Caused by: java.lang.IllegalStateException: Response has already been committed, be sure not to write to the OutputStream or to trigger a commit due to any other action before calling this method.
	at com.evermind[Oracle Containers for J2EE 10g (10.1.3.5.0) ].server.http.EvermindHttpServletResponse.sendRedirect(EvermindHttpServletResponse.java:1545)
	at javax.servlet.http.HttpServletResponseWrapper.sendRedirect(HttpServletResponseWrapper.java:170)
	at oracle.adfinternal.view.faces.webapp.AdfFacesFilterImpl$MonitorRedirectServletResponse.sendRedirect(AdfFacesFilterImpl.java:293)
	at javax.servlet.http.HttpServletResponseWrapper.sendRedirect(HttpServletResponseWrapper.java:170)
	at com.sun.faces.context.ExternalContextImpl.redirect(ExternalContextImpl.java:357)
	at com.sun.faces.application.NavigationHandlerImpl.handleNavigation(NavigationHandlerImpl.java:149)
	at oracle.adfinternal.view.faces.application.NavigationHandlerImpl.handleNavigation(NavigationHandlerImpl.java:29)
	at cl.bicevida.core.view.jsf.utils.JsfUtils.handleNavigation(JsfUtils.java:79)
	at cl.bicevida.core.view.jsf.mb.MbError.redirectToErrorPage(MbError.java:63)
	at cl.bicevida.core.view.jsf.mb.MbError.showError(MbError.java:54)
	at cl.bicevida.envionominas.view.jsf.mb.BackingConsultaGastosNomina.cargarPagina(BackingConsultaGastosNomina.java:69)
	at cl.bicevida.envionominas.view.jsf.mb.BackingConsultaGastosNomina.<init>(BackingConsultaGastosNomina.java:58)
	at sun.reflect.NativeConstructorAccessorImpl.newInstance0(Native Method)
	at sun.reflect.NativeConstructorAccessorImpl.newInstance(NativeConstructorAccessorImpl.java:39)
	at sun.reflect.DelegatingConstructorAccessorImpl.newInstance(DelegatingConstructorAccessorImpl.java:27)
	at java.lang.reflect.Constructor.newInstance(Constructor.java:494)
	at java.lang.Class.newInstance0(Class.java:350)
	at java.lang.Class.newInstance(Class.java:303)
	at java.beans.Beans.instantiate(Beans.java:204)
	... 133 more
11/12/05 17:44:49.303 10.1.3.5.0 Started
11/12/05 17:45:25.677 EnvioNominasWEB: 10.1.3.5.0 Started
